"../../../Engine/Content/EditorResources/S_Actor.ubulk" 0
"../../../Engine/Content/EditorResources/S_Actor.uasset" 1
"../../../Engine/Content/EditorResources/S_Actor.uexp" 2
"../../../Engine/Content/EditorResources/S_BoxReflectionCapture.uasset" 3
"../../../Engine/Content/EditorResources/S_BoxReflectionCapture.uexp" 4
"../../../Engine/Content/EngineResources/DefaultTexture.ubulk" 5
"../../../Engine/Content/EngineResources/DefaultTexture.uasset" 6
"../../../Engine/Content/EngineResources/DefaultTexture.uexp" 7
"../../../Engine/Content/EngineResources/DefaultTextureCube.uasset" 8
"../../../Engine/Content/EngineResources/DefaultTextureCube.uexp" 9
"../../../Engine/Content/EngineResources/DefaultVolumeTexture2D.uasset" 10
"../../../Engine/Content/EngineResources/DefaultVolumeTexture2D.uexp" 11
"../../../Engine/Content/EngineResources/DefaultVolumeTexture.uasset" 12
"../../../Engine/Content/EngineResources/DefaultVolumeTexture.uexp" 13
"../../../Engine/Content/EditorResources/S_Trigger.ubulk" 14
"../../../Engine/Content/EditorResources/S_Trigger.uasset" 15
"../../../Engine/Content/EditorResources/S_Trigger.uexp" 16
"../../../Engine/Content/EditorResources/S_TriggerBox.uasset" 17
"../../../Engine/Content/EditorResources/S_TriggerBox.uexp" 18
"../../../Engine/Content/EditorResources/S_TriggerCapsule.uasset" 19
"../../../Engine/Content/EditorResources/S_TriggerCapsule.uexp" 20
"../../../Engine/Content/EditorResources/S_TriggerSphere.uasset" 21
"../../../Engine/Content/EditorResources/S_TriggerSphere.uexp" 22
"../../../Engine/Content/EngineMeshes/Sphere.ubulk" 23
"../../../Engine/Content/EngineMeshes/Sphere.uasset" 24
"../../../Engine/Content/EngineMeshes/Sphere.uexp" 25
"../../../Engine/Content/EngineResources/GradientTexture0.uasset" 26
"../../../Engine/Content/EngineResources/GradientTexture0.uexp" 27
"../../../Engine/Content/VREditor/LaserPointer/VR_LaserPower_01.ubulk" 28
"../../../Engine/Content/VREditor/LaserPointer/VR_LaserPower_01.uasset" 29
"../../../Engine/Content/VREditor/LaserPointer/VR_LaserPower_01.uexp" 30
"../../../Engine/Content/VREditor/TransformGizmo/TransformGizmoMaterial.uasset" 31
"../../../Engine/Content/VREditor/TransformGizmo/TransformGizmoMaterial.uexp" 32
"../../../Engine/Content/VREditor/TransformGizmo/TranslucentTransformGizmoMaterial.uasset" 33
"../../../Engine/Content/VREditor/TransformGizmo/TranslucentTransformGizmoMaterial.uexp" 34
"../../../Engine/Content/VREditor/TransformGizmo/PlaneTranslationHandle.ubulk" 35
"../../../Engine/Content/VREditor/TransformGizmo/PlaneTranslationHandle.uasset" 36
"../../../Engine/Content/VREditor/TransformGizmo/PlaneTranslationHandle.uexp" 37
"../../../Engine/Content/VREditor/TransformGizmo/BoundingBoxCorner.ubulk" 38
"../../../Engine/Content/VREditor/TransformGizmo/BoundingBoxCorner.uasset" 39
"../../../Engine/Content/VREditor/TransformGizmo/BoundingBoxCorner.uexp" 40
"../../../Engine/Content/VREditor/TransformGizmo/BoundingBoxEdge.ubulk" 41
"../../../Engine/Content/VREditor/TransformGizmo/BoundingBoxEdge.uasset" 42
"../../../Engine/Content/VREditor/TransformGizmo/BoundingBoxEdge.uexp" 43
"../../../Engine/Content/VREditor/TransformGizmo/Main.uasset" 44
"../../../Engine/Content/VREditor/TransformGizmo/Main.uexp" 45
"../../../Engine/Content/VREditor/TransformGizmo/Xray.uasset" 46
"../../../Engine/Content/VREditor/TransformGizmo/Xray.uexp" 47
"../../../Engine/Content/VREditor/TransformGizmo/SM_Sequencer_Node.ubulk" 48
"../../../Engine/Content/VREditor/TransformGizmo/SM_Sequencer_Node.uasset" 49
"../../../Engine/Content/VREditor/TransformGizmo/SM_Sequencer_Node.uexp" 50
"../../../Engine/Content/EditorMaterials/Camera/CineMat.uasset" 51
"../../../Engine/Content/EditorMaterials/Camera/CineMat.uexp" 52
"../../../Engine/Content/EditorMaterials/Camera/MI_CineMat_Rig.uasset" 53
"../../../Engine/Content/EditorMaterials/Camera/MI_CineMat_Rig.uexp" 54
"../../../Engine/Content/EditorMeshes/Camera/SM_CraneRig_Base.ubulk" 55
"../../../Engine/Content/EditorMeshes/Camera/SM_CraneRig_Base.uasset" 56
"../../../Engine/Content/EditorMeshes/Camera/SM_CraneRig_Base.uexp" 57
"../../../Engine/Content/EditorMeshes/Camera/SM_CraneRig_Arm.ubulk" 58
"../../../Engine/Content/EditorMeshes/Camera/SM_CraneRig_Arm.uasset" 59
"../../../Engine/Content/EditorMeshes/Camera/SM_CraneRig_Arm.uexp" 60
"../../../Engine/Content/EditorMeshes/Camera/SM_CraneRig_Mount.ubulk" 61
"../../../Engine/Content/EditorMeshes/Camera/SM_CraneRig_Mount.uasset" 62
"../../../Engine/Content/EditorMeshes/Camera/SM_CraneRig_Mount.uexp" 63
"../../../Engine/Content/EditorMeshes/Camera/SM_CraneRig_Body.ubulk" 64
"../../../Engine/Content/EditorMeshes/Camera/SM_CraneRig_Body.uasset" 65
"../../../Engine/Content/EditorMeshes/Camera/SM_CraneRig_Body.uexp" 66
"../../../Engine/Content/EditorMeshes/Camera/SM_RailRig_Track.ubulk" 67
"../../../Engine/Content/EditorMeshes/Camera/SM_RailRig_Track.uasset" 68
"../../../Engine/Content/EditorMeshes/Camera/SM_RailRig_Track.uexp" 69
"../../../Engine/Content/EditorMeshes/Camera/SM_RailRig_Mount.ubulk" 70
"../../../Engine/Content/EditorMeshes/Camera/SM_RailRig_Mount.uasset" 71
"../../../Engine/Content/EditorMeshes/Camera/SM_RailRig_Mount.uexp" 72
"../../../Engine/Content/EngineMaterials/T_Default_Material_Grid_M.ubulk" 73
"../../../Engine/Content/EngineMaterials/T_Default_Material_Grid_M.uasset" 74
"../../../Engine/Content/EngineMaterials/T_Default_Material_Grid_M.uexp" 75
"../../../Engine/Content/EngineMaterials/T_Default_Material_Grid_N.ubulk" 76
"../../../Engine/Content/EngineMaterials/T_Default_Material_Grid_N.uasset" 77
"../../../Engine/Content/EngineMaterials/T_Default_Material_Grid_N.uexp" 78
"../../../Engine/Content/Functions/Engine_MaterialFunctions01/Opacity/CameraDepthFade.uasset" 79
"../../../Engine/Content/Functions/Engine_MaterialFunctions01/Opacity/CameraDepthFade.uexp" 80
"../../../Engine/Content/EngineMaterials/WorldGridMaterial.uasset" 81
"../../../Engine/Content/EngineMaterials/WorldGridMaterial.uexp" 82
"../../../Engine/Content/ArtTools/RenderToTexture/Meshes/S_1_Unit_Plane.ubulk" 83
"../../../Engine/Content/ArtTools/RenderToTexture/Meshes/S_1_Unit_Plane.uasset" 84
"../../../Engine/Content/ArtTools/RenderToTexture/Meshes/S_1_Unit_Plane.uexp" 85
"../../../Engine/Content/EditorMaterials/ParticleSystems/PSysThumbnail_NoImage.ubulk" 86
"../../../Engine/Content/EditorMaterials/ParticleSystems/PSysThumbnail_NoImage.uasset" 87
"../../../Engine/Content/EditorMaterials/ParticleSystems/PSysThumbnail_NoImage.uexp" 88
"../../../Engine/Content/EditorMaterials/ParticleSystems/PSysThumbnail_OOD.ubulk" 89
"../../../Engine/Content/EditorMaterials/ParticleSystems/PSysThumbnail_OOD.uasset" 90
"../../../Engine/Content/EditorMaterials/ParticleSystems/PSysThumbnail_OOD.uexp" 91
"../../../Engine/Content/EditorLandscapeResources/SplineEditorMeshMat.uasset" 92
"../../../Engine/Content/EditorLandscapeResources/SplineEditorMeshMat.uexp" 93
"../../../Engine/Content/EditorLandscapeResources/SplineEditorMesh.ubulk" 94
"../../../Engine/Content/EditorLandscapeResources/SplineEditorMesh.uasset" 95
"../../../Engine/Content/EditorLandscapeResources/SplineEditorMesh.uexp" 96
"../../../Engine/Content/EditorResources/S_Solver.ubulk" 97
"../../../Engine/Content/EditorResources/S_Solver.uasset" 98
"../../../Engine/Content/EditorResources/S_Solver.uexp" 99
"../../../Engine/Plugins/Media/MediaPlate/Content/SM_MediaPlateScreen.ubulk" 100
"../../../Engine/Plugins/Media/MediaPlate/Content/SM_MediaPlateScreen.uasset" 101
"../../../Engine/Plugins/Media/MediaPlate/Content/SM_MediaPlateScreen.uexp" 102
"../../../Engine/Content/EngineMaterials/Good64x64TilingNoiseHighFreq.uasset" 103
"../../../Engine/Content/EngineMaterials/Good64x64TilingNoiseHighFreq.uexp" 104
"../../../Engine/Content/EngineMaterials/DefaultBokeh.uasset" 105
"../../../Engine/Content/EngineMaterials/DefaultBokeh.uexp" 106
"../../../Engine/Content/EngineMaterials/PreintegratedSkinBRDF.uasset" 107
"../../../Engine/Content/EngineMaterials/PreintegratedSkinBRDF.uexp" 108
"../../../Engine/Content/EngineMaterials/MiniFont.uasset" 109
"../../../Engine/Content/EngineMaterials/MiniFont.uexp" 110
"../../../Engine/Content/EngineMaterials/WeightMapPlaceholderTexture.uasset" 111
"../../../Engine/Content/EngineMaterials/WeightMapPlaceholderTexture.uexp" 112
"../../../Engine/Content/EngineMaterials/DefaultWhiteGrid.ubulk" 113
"../../../Engine/Content/EngineMaterials/DefaultWhiteGrid.uasset" 114
"../../../Engine/Content/EngineMaterials/DefaultWhiteGrid.uexp" 115
"../../../Engine/Plugins/2D/Paper2D/Content/PlaceholderTextures/DummySpriteTexture.ubulk" 116
"../../../Engine/Plugins/2D/Paper2D/Content/PlaceholderTextures/DummySpriteTexture.uasset" 117
"../../../Engine/Plugins/2D/Paper2D/Content/PlaceholderTextures/DummySpriteTexture.uexp" 118
"../../../Engine/Plugins/2D/Paper2D/Content/DefaultSpriteMaterial.uasset" 119
"../../../Engine/Plugins/2D/Paper2D/Content/DefaultSpriteMaterial.uexp" 120
"../../../Engine/Plugins/2D/Paper2D/Content/OpaqueUnlitSpriteMaterial.uasset" 121
"../../../Engine/Plugins/2D/Paper2D/Content/OpaqueUnlitSpriteMaterial.uexp" 122
"../../../Engine/Plugins/2D/Paper2D/Content/MaskedUnlitSpriteMaterial.uasset" 123
"../../../Engine/Plugins/2D/Paper2D/Content/MaskedUnlitSpriteMaterial.uexp" 124
"../../../Engine/Plugins/2D/Paper2D/Content/DummySprite.uasset" 125
"../../../Engine/Plugins/2D/Paper2D/Content/DummySprite.uexp" 126
"../../../Engine/Plugins/2D/Paper2D/Content/DefaultPaperTerrainMaterial.uasset" 127
"../../../Engine/Plugins/2D/Paper2D/Content/DefaultPaperTerrainMaterial.uexp" 128
"../../../Engine/Content/Functions/Engine_MaterialFunctions02/WorldPositionOffset/CameraOffset.uasset" 129
"../../../Engine/Content/Functions/Engine_MaterialFunctions02/WorldPositionOffset/CameraOffset.uexp" 130
"../../../Engine/Plugins/Animation/ControlRig/Content/M_Manip.uasset" 131
"../../../Engine/Plugins/Animation/ControlRig/Content/M_Manip.uexp" 132
"../../../Engine/Content/Animation/DefaultRecorderBoneCompression.uasset" 133
"../../../Engine/Content/Animation/DefaultRecorderBoneCompression.uexp" 134
"../../../Engine/Content/Animation/DefaultAnimCurveCompressionSettings.uasset" 135
"../../../Engine/Content/Animation/DefaultAnimCurveCompressionSettings.uexp" 136
"../../../Engine/Content/Animation/DefaultAnimBoneCompressionSettings.uasset" 137
"../../../Engine/Content/Animation/DefaultAnimBoneCompressionSettings.uexp" 138
"../../../Engine/Content/EngineMaterials/DefaultMaterial.uasset" 139
"../../../Engine/Content/EngineMaterials/DefaultMaterial.uexp" 140
"../../../Engine/Content/BasicShapes/Sphere.ubulk" 141
"../../../Engine/Content/BasicShapes/Sphere.uasset" 142
"../../../Engine/Content/BasicShapes/Sphere.uexp" 143
"../../../Engine/Content/BasicShapes/Cylinder.ubulk" 144
"../../../Engine/Content/BasicShapes/Cylinder.uasset" 145
"../../../Engine/Content/BasicShapes/Cylinder.uexp" 146
"../../../Engine/Content/BasicShapes/Cube.ubulk" 147
"../../../Engine/Content/BasicShapes/Cube.uasset" 148
"../../../Engine/Content/BasicShapes/Cube.uexp" 149
"../../../Engine/Content/BasicShapes/Cone.ubulk" 150
"../../../Engine/Content/BasicShapes/Cone.uasset" 151
"../../../Engine/Content/BasicShapes/Cone.uexp" 152
"../../../Engine/Content/EngineResources/WhiteSquareTexture.uasset" 153
"../../../Engine/Content/EngineResources/WhiteSquareTexture.uexp" 154
"../../../Engine/Content/EngineMaterials/Widget3DPassThrough.uasset" 155
"../../../Engine/Content/EngineMaterials/Widget3DPassThrough.uexp" 156
"../../../Engine/Content/EngineMaterials/Widget3DPassThrough_Translucent.uasset" 157
"../../../Engine/Content/EngineMaterials/Widget3DPassThrough_Translucent.uexp" 158
"../../../Engine/Content/EngineMaterials/Widget3DPassThrough_Translucent_OneSided.uasset" 159
"../../../Engine/Content/EngineMaterials/Widget3DPassThrough_Translucent_OneSided.uexp" 160
"../../../Engine/Content/EngineMaterials/Widget3DPassThrough_Opaque.uasset" 161
"../../../Engine/Content/EngineMaterials/Widget3DPassThrough_Opaque.uexp" 162
"../../../Engine/Content/EngineMaterials/Widget3DPassThrough_Opaque_OneSided.uasset" 163
"../../../Engine/Content/EngineMaterials/Widget3DPassThrough_Opaque_OneSided.uexp" 164
"../../../Engine/Content/EngineMaterials/Widget3DPassThrough_Masked_OneSided.uasset" 165
"../../../Engine/Content/EngineMaterials/Widget3DPassThrough_Masked_OneSided.uexp" 166
"../../../Engine/Content/EngineMaterials/Widget3DPassThrough_Masked.uasset" 167
"../../../Engine/Content/EngineMaterials/Widget3DPassThrough_Masked.uexp" 168
"../../../Engine/Content/EngineMaterials/STBlueNoise_vec2_128x128x64.uasset" 169
"../../../Engine/Content/EngineMaterials/STBlueNoise_vec2_128x128x64.uexp" 170
"../../../Engine/Content/EngineMaterials/STBlueNoise_scalar_128x128x64.uasset" 171
"../../../Engine/Content/EngineMaterials/STBlueNoise_scalar_128x128x64.uexp" 172
"../../../Engine/Content/EngineMaterials/RemoveSurfaceMaterial.uasset" 173
"../../../Engine/Content/EngineMaterials/RemoveSurfaceMaterial.uexp" 174
"../../../Engine/Content/EngineMaterials/DefaultCalibrationGrayscale.uasset" 175
"../../../Engine/Content/EngineMaterials/DefaultCalibrationGrayscale.uexp" 176
"../../../Engine/Content/EngineMaterials/PPM_DefaultCalibrationGrayscale.uasset" 177
"../../../Engine/Content/EngineMaterials/PPM_DefaultCalibrationGrayscale.uexp" 178
"../../../Engine/Content/EngineMaterials/DefaultCalibrationColor.uasset" 179
"../../../Engine/Content/EngineMaterials/DefaultCalibrationColor.uexp" 180
"../../../Engine/Content/EngineMaterials/PPM_DefaultCalibrationColor.uasset" 181
"../../../Engine/Content/EngineMaterials/PPM_DefaultCalibrationColor.uexp" 182
"../../../Engine/Content/EngineMaterials/PhAT_JointLimitMaterial.uasset" 183
"../../../Engine/Content/EngineMaterials/PhAT_JointLimitMaterial.uexp" 184
"../../../Engine/Content/EngineMaterials/NaniteHiddenSectionMaterial.uasset" 185
"../../../Engine/Content/EngineMaterials/NaniteHiddenSectionMaterial.uexp" 186
"../../../Engine/Plugins/Runtime/MeshModelingToolset/Content/Materials/M_DynamicMeshComponentVtxColor.uasset" 187
"../../../Engine/Plugins/Runtime/MeshModelingToolset/Content/Materials/M_DynamicMeshComponentVtxColor.uexp" 188
"../../../Engine/Plugins/Interchange/Runtime/Content/Pipelines/DefaultTexturePipeline.uasset" 189
"../../../Engine/Plugins/Interchange/Runtime/Content/Pipelines/DefaultTexturePipeline.uexp" 190
"../../../Engine/Plugins/Interchange/Runtime/Content/Pipelines/DefaultSceneLevelPipeline.uasset" 191
"../../../Engine/Plugins/Interchange/Runtime/Content/Pipelines/DefaultSceneLevelPipeline.uexp" 192
"../../../Engine/Plugins/Interchange/Runtime/Content/Pipelines/DefaultSceneAssetsPipeline.uasset" 193
"../../../Engine/Plugins/Interchange/Runtime/Content/Pipelines/DefaultSceneAssetsPipeline.uexp" 194
"../../../Engine/Plugins/Interchange/Runtime/Content/Pipelines/DefaultMaterialPipeline.uasset" 195
"../../../Engine/Plugins/Interchange/Runtime/Content/Pipelines/DefaultMaterialPipeline.uexp" 196
"../../../Engine/Plugins/Interchange/Runtime/Content/Pipelines/DefaultAssetsPipeline.uasset" 197
"../../../Engine/Plugins/Interchange/Runtime/Content/Pipelines/DefaultAssetsPipeline.uexp" 198
"../../../Engine/Plugins/Editor/SpeedTreeImporter/Content/SpeedTree9/game_wind_noise.ubulk" 199
"../../../Engine/Plugins/Editor/SpeedTreeImporter/Content/SpeedTree9/game_wind_noise.uasset" 200
"../../../Engine/Plugins/Editor/SpeedTreeImporter/Content/SpeedTree9/game_wind_noise.uexp" 201
"../../../Engine/Plugins/Editor/SpeedTreeImporter/Content/SpeedTree9/UnpackDirection.uasset" 202
"../../../Engine/Plugins/Editor/SpeedTreeImporter/Content/SpeedTree9/UnpackDirection.uexp" 203
"../../../Engine/Content/Functions/Engine_MaterialFunctions02/ObjectLocalBounds.uasset" 204
"../../../Engine/Content/Functions/Engine_MaterialFunctions02/ObjectLocalBounds.uexp" 205
"../../../Engine/Content/Functions/Engine_MaterialFunctions02/Utility/BreakOutFloat3Components.uasset" 206
"../../../Engine/Content/Functions/Engine_MaterialFunctions02/Utility/BreakOutFloat3Components.uexp" 207
"../../../Engine/Content/Functions/Engine_MaterialFunctions02/UVs/BoundingBoxBased_0-1_UVW.uasset" 208
"../../../Engine/Content/Functions/Engine_MaterialFunctions02/UVs/BoundingBoxBased_0-1_UVW.uexp" 209
"../../../Engine/Content/Functions/Engine_MaterialFunctions02/Utility/VectorLength.uasset" 210
"../../../Engine/Content/Functions/Engine_MaterialFunctions02/Utility/VectorLength.uexp" 211
"../../../Engine/Plugins/Editor/SpeedTreeImporter/Content/SpeedTree9/UnpackInteger3.uasset" 212
"../../../Engine/Plugins/Editor/SpeedTreeImporter/Content/SpeedTree9/UnpackInteger3.uexp" 213
"../../../Engine/Plugins/Editor/SpeedTreeImporter/Content/SpeedTree9/SpeedTreeCameraFacing.uasset" 214
"../../../Engine/Plugins/Editor/SpeedTreeImporter/Content/SpeedTree9/SpeedTreeCameraFacing.uexp" 215
"../../../Engine/Content/Functions/Engine_MaterialFunctions02/WorldPositionOffset/ObjectScale.uasset" 216
"../../../Engine/Content/Functions/Engine_MaterialFunctions02/WorldPositionOffset/ObjectScale.uexp" 217
"../../../Engine/Content/Functions/Engine_MaterialFunctions02/SafeNormalize.uasset" 218
"../../../Engine/Content/Functions/Engine_MaterialFunctions02/SafeNormalize.uexp" 219
"../../../Engine/Plugins/Editor/SpeedTreeImporter/Content/SpeedTree9/SpeedTreeWindMotion.uasset" 220
"../../../Engine/Plugins/Editor/SpeedTreeImporter/Content/SpeedTree9/SpeedTreeWindMotion.uexp" 221
"../../../Engine/Plugins/Editor/SpeedTreeImporter/Content/SpeedTree9/SpeedTreeBranchMotion.uasset" 222
"../../../Engine/Plugins/Editor/SpeedTreeImporter/Content/SpeedTree9/SpeedTreeBranchMotion.uexp" 223
"../../../Engine/Plugins/Editor/SpeedTreeImporter/Content/SpeedTree9/SpeedTreeWind.uasset" 224
"../../../Engine/Plugins/Editor/SpeedTreeImporter/Content/SpeedTree9/SpeedTreeWind.uexp" 225
"../../../Engine/Plugins/Editor/SpeedTreeImporter/Content/SpeedTree9/EmptyNormal.uasset" 226
"../../../Engine/Plugins/Editor/SpeedTreeImporter/Content/SpeedTree9/EmptyNormal.uexp" 227
"../../../Engine/Plugins/Editor/SpeedTreeImporter/Content/SpeedTree9/Empty.uasset" 228
"../../../Engine/Plugins/Editor/SpeedTreeImporter/Content/SpeedTree9/Empty.uexp" 229
"../../../Engine/Plugins/Editor/SpeedTreeImporter/Content/SpeedTree9/SpeedTreeMaster.uasset" 230
"../../../Engine/Plugins/Editor/SpeedTreeImporter/Content/SpeedTree9/SpeedTreeMaster.uexp" 231
"../../../Engine/Plugins/Editor/SpeedTreeImporter/Content/SpeedTree9/SpeedTreeBillboard.uasset" 232
"../../../Engine/Plugins/Editor/SpeedTreeImporter/Content/SpeedTree9/SpeedTreeBillboard.uexp" 233
"../../../Engine/Plugins/Editor/SpeedTreeImporter/Content/SpeedTree9/SpeedTreeBillboardMaster.uasset" 234
"../../../Engine/Plugins/Editor/SpeedTreeImporter/Content/SpeedTree9/SpeedTreeBillboardMaster.uexp" 235
"../../../Engine/Plugins/Animation/ControlRig/Content/Controls/DefaultGizmoLibraryNormalized.uasset" 236
"../../../Engine/Plugins/Animation/ControlRig/Content/Controls/DefaultGizmoLibraryNormalized.uexp" 237
"../../../Engine/Plugins/Animation/ControlRig/Content/Controls/ControlRig_Wedge_solid.ubulk" 238
"../../../Engine/Plugins/Animation/ControlRig/Content/Controls/ControlRig_Wedge_solid.uasset" 239
"../../../Engine/Plugins/Animation/ControlRig/Content/Controls/ControlRig_Wedge_solid.uexp" 240
"../../../Engine/Plugins/Animation/ControlRig/Content/Controls/ControlRig_Wedge_3mm.ubulk" 241
"../../../Engine/Plugins/Animation/ControlRig/Content/Controls/ControlRig_Wedge_3mm.uasset" 242
"../../../Engine/Plugins/Animation/ControlRig/Content/Controls/ControlRig_Wedge_3mm.uexp" 243
"../../../Engine/Plugins/Animation/ControlRig/Content/Controls/ControlRig_Wedge_1mm.ubulk" 244
"../../../Engine/Plugins/Animation/ControlRig/Content/Controls/ControlRig_Wedge_1mm.uasset" 245
"../../../Engine/Plugins/Animation/ControlRig/Content/Controls/ControlRig_Wedge_1mm.uexp" 246
"../../../Engine/Plugins/Animation/ControlRig/Content/Controls/ControlRig_Triangle_solid.ubulk" 247
"../../../Engine/Plugins/Animation/ControlRig/Content/Controls/ControlRig_Triangle_solid.uasset" 248
"../../../Engine/Plugins/Animation/ControlRig/Content/Controls/ControlRig_Triangle_solid.uexp" 249
"../../../Engine/Plugins/Animation/ControlRig/Content/Controls/ControlRig_Triangle_3mm.ubulk" 250
"../../../Engine/Plugins/Animation/ControlRig/Content/Controls/ControlRig_Triangle_3mm.uasset" 251
"../../../Engine/Plugins/Animation/ControlRig/Content/Controls/ControlRig_Triangle_3mm.uexp" 252
"../../../Engine/Plugins/Animation/ControlRig/Content/Controls/ControlRig_Triangle_1mm.ubulk" 253
"../../../Engine/Plugins/Animation/ControlRig/Content/Controls/ControlRig_Triangle_1mm.uasset" 254
"../../../Engine/Plugins/Animation/ControlRig/Content/Controls/ControlRig_Triangle_1mm.uexp" 255
"../../../Engine/Plugins/Animation/ControlRig/Content/Controls/ControlRig_Star4_solid.ubulk" 256
"../../../Engine/Plugins/Animation/ControlRig/Content/Controls/ControlRig_Star4_solid.uasset" 257
"../../../Engine/Plugins/Animation/ControlRig/Content/Controls/ControlRig_Star4_solid.uexp" 258
"../../../Engine/Plugins/Animation/ControlRig/Content/Controls/ControlRig_Star4_3mm.ubulk" 259
"../../../Engine/Plugins/Animation/ControlRig/Content/Controls/ControlRig_Star4_3mm.uasset" 260
"../../../Engine/Plugins/Animation/ControlRig/Content/Controls/ControlRig_Star4_3mm.uexp" 261
"../../../Engine/Plugins/Animation/ControlRig/Content/Controls/ControlRig_Star4_1mm.ubulk" 262
"../../../Engine/Plugins/Animation/ControlRig/Content/Controls/ControlRig_Star4_1mm.uasset" 263
"../../../Engine/Plugins/Animation/ControlRig/Content/Controls/ControlRig_Star4_1mm.uexp" 264
"../../../Engine/Plugins/Animation/ControlRig/Content/Controls/ControlRig_Square_solid.ubulk" 265
"../../../Engine/Plugins/Animation/ControlRig/Content/Controls/ControlRig_Square_solid.uasset" 266
"../../../Engine/Plugins/Animation/ControlRig/Content/Controls/ControlRig_Square_solid.uexp" 267
"../../../Engine/Plugins/Animation/ControlRig/Content/Controls/ControlRig_Square_3mm.ubulk" 268
"../../../Engine/Plugins/Animation/ControlRig/Content/Controls/ControlRig_Square_3mm.uasset" 269
"../../../Engine/Plugins/Animation/ControlRig/Content/Controls/ControlRig_Square_3mm.uexp" 270
"../../../Engine/Plugins/Animation/ControlRig/Content/Controls/ControlRig_Square_1mm.ubulk" 271
"../../../Engine/Plugins/Animation/ControlRig/Content/Controls/ControlRig_Square_1mm.uasset" 272
"../../../Engine/Plugins/Animation/ControlRig/Content/Controls/ControlRig_Square_1mm.uexp" 273
"../../../Engine/Plugins/Animation/ControlRig/Content/Controls/ControlRig_Sphere_solid.ubulk" 274
"../../../Engine/Plugins/Animation/ControlRig/Content/Controls/ControlRig_Sphere_solid.uasset" 275
"../../../Engine/Plugins/Animation/ControlRig/Content/Controls/ControlRig_Sphere_solid.uexp" 276
"../../../Engine/Plugins/Animation/ControlRig/Content/Controls/ControlRig_Sphere_3mm.ubulk" 277
"../../../Engine/Plugins/Animation/ControlRig/Content/Controls/ControlRig_Sphere_3mm.uasset" 278
"../../../Engine/Plugins/Animation/ControlRig/Content/Controls/ControlRig_Sphere_3mm.uexp" 279
"../../../Engine/Plugins/Animation/ControlRig/Content/Controls/ControlRig_Sphere_1mm.ubulk" 280
"../../../Engine/Plugins/Animation/ControlRig/Content/Controls/ControlRig_Sphere_1mm.uasset" 281
"../../../Engine/Plugins/Animation/ControlRig/Content/Controls/ControlRig_Sphere_1mm.uexp" 282
"../../../Engine/Plugins/Animation/ControlRig/Content/Controls/ControlRig_RoundedTriangle_solid.ubulk" 283
"../../../Engine/Plugins/Animation/ControlRig/Content/Controls/ControlRig_RoundedTriangle_solid.uasset" 284
"../../../Engine/Plugins/Animation/ControlRig/Content/Controls/ControlRig_RoundedTriangle_solid.uexp" 285
"../../../Engine/Plugins/Animation/ControlRig/Content/Controls/ControlRig_RoundedTriangle_3mm.ubulk" 286
"../../../Engine/Plugins/Animation/ControlRig/Content/Controls/ControlRig_RoundedTriangle_3mm.uasset" 287
"../../../Engine/Plugins/Animation/ControlRig/Content/Controls/ControlRig_RoundedTriangle_3mm.uexp" 288
"../../../Engine/Plugins/Animation/ControlRig/Content/Controls/ControlRig_RoundedTriangle_1mm.ubulk" 289
"../../../Engine/Plugins/Animation/ControlRig/Content/Controls/ControlRig_RoundedTriangle_1mm.uasset" 290
"../../../Engine/Plugins/Animation/ControlRig/Content/Controls/ControlRig_RoundedTriangle_1mm.uexp" 291
"../../../Engine/Plugins/Animation/ControlRig/Content/Controls/ControlRig_RoundedSquare_solid.ubulk" 292
"../../../Engine/Plugins/Animation/ControlRig/Content/Controls/ControlRig_RoundedSquare_solid.uasset" 293
"../../../Engine/Plugins/Animation/ControlRig/Content/Controls/ControlRig_RoundedSquare_solid.uexp" 294
"../../../Engine/Plugins/Animation/ControlRig/Content/Controls/ControlRig_RoundedSquare_3mm.ubulk" 295
"../../../Engine/Plugins/Animation/ControlRig/Content/Controls/ControlRig_RoundedSquare_3mm.uasset" 296
"../../../Engine/Plugins/Animation/ControlRig/Content/Controls/ControlRig_RoundedSquare_3mm.uexp" 297
"../../../Engine/Plugins/Animation/ControlRig/Content/Controls/ControlRig_RoundedSquare_1mm.ubulk" 298
"../../../Engine/Plugins/Animation/ControlRig/Content/Controls/ControlRig_RoundedSquare_1mm.uasset" 299
"../../../Engine/Plugins/Animation/ControlRig/Content/Controls/ControlRig_RoundedSquare_1mm.uexp" 300
"../../../Engine/Plugins/Animation/ControlRig/Content/Controls/ControlRig_QuarterCircle_solid.ubulk" 301
"../../../Engine/Plugins/Animation/ControlRig/Content/Controls/ControlRig_QuarterCircle_solid.uasset" 302
"../../../Engine/Plugins/Animation/ControlRig/Content/Controls/ControlRig_QuarterCircle_solid.uexp" 303
"../../../Engine/Plugins/Animation/ControlRig/Content/Controls/ControlRig_QuarterCircle_3mm.ubulk" 304
"../../../Engine/Plugins/Animation/ControlRig/Content/Controls/ControlRig_QuarterCircle_3mm.uasset" 305
"../../../Engine/Plugins/Animation/ControlRig/Content/Controls/ControlRig_QuarterCircle_3mm.uexp" 306
"../../../Engine/Plugins/Animation/ControlRig/Content/Controls/ControlRig_QuarterCircle_1mm.ubulk" 307
"../../../Engine/Plugins/Animation/ControlRig/Content/Controls/ControlRig_QuarterCircle_1mm.uasset" 308
"../../../Engine/Plugins/Animation/ControlRig/Content/Controls/ControlRig_QuarterCircle_1mm.uexp" 309
"../../../Engine/Plugins/Animation/ControlRig/Content/Controls/ControlRig_Pyramid_solid.ubulk" 310
"../../../Engine/Plugins/Animation/ControlRig/Content/Controls/ControlRig_Pyramid_solid.uasset" 311
"../../../Engine/Plugins/Animation/ControlRig/Content/Controls/ControlRig_Pyramid_solid.uexp" 312
"../../../Engine/Plugins/Animation/ControlRig/Content/Controls/ControlRig_Pyramid_3mm.ubulk" 313
"../../../Engine/Plugins/Animation/ControlRig/Content/Controls/ControlRig_Pyramid_3mm.uasset" 314
"../../../Engine/Plugins/Animation/ControlRig/Content/Controls/ControlRig_Pyramid_3mm.uexp" 315
"../../../Engine/Plugins/Animation/ControlRig/Content/Controls/ControlRig_Pyramid_1mm.ubulk" 316
"../../../Engine/Plugins/Animation/ControlRig/Content/Controls/ControlRig_Pyramid_1mm.uasset" 317
"../../../Engine/Plugins/Animation/ControlRig/Content/Controls/ControlRig_Pyramid_1mm.uexp" 318
"../../../Engine/Plugins/Animation/ControlRig/Content/Controls/ControlRig_Octagon_solid.ubulk" 319
"../../../Engine/Plugins/Animation/ControlRig/Content/Controls/ControlRig_Octagon_solid.uasset" 320
"../../../Engine/Plugins/Animation/ControlRig/Content/Controls/ControlRig_Octagon_solid.uexp" 321
"../../../Engine/Plugins/Animation/ControlRig/Content/Controls/ControlRig_Octagon_3mm.ubulk" 322
"../../../Engine/Plugins/Animation/ControlRig/Content/Controls/ControlRig_Octagon_3mm.uasset" 323
"../../../Engine/Plugins/Animation/ControlRig/Content/Controls/ControlRig_Octagon_3mm.uexp" 324
"../../../Engine/Plugins/Animation/ControlRig/Content/Controls/ControlRig_Octagon_1mm.ubulk" 325
"../../../Engine/Plugins/Animation/ControlRig/Content/Controls/ControlRig_Octagon_1mm.uasset" 326
"../../../Engine/Plugins/Animation/ControlRig/Content/Controls/ControlRig_Octagon_1mm.uexp" 327
"../../../Engine/Plugins/Animation/ControlRig/Content/Controls/ControlRig_Hexagon_solid.ubulk" 328
"../../../Engine/Plugins/Animation/ControlRig/Content/Controls/ControlRig_Hexagon_solid.uasset" 329
"../../../Engine/Plugins/Animation/ControlRig/Content/Controls/ControlRig_Hexagon_solid.uexp" 330
"../../../Engine/Plugins/Animation/ControlRig/Content/Controls/ControlRig_Hexagon_3mm.ubulk" 331
"../../../Engine/Plugins/Animation/ControlRig/Content/Controls/ControlRig_Hexagon_3mm.uasset" 332
"../../../Engine/Plugins/Animation/ControlRig/Content/Controls/ControlRig_Hexagon_3mm.uexp" 333
"../../../Engine/Plugins/Animation/ControlRig/Content/Controls/ControlRig_Hexagon_1mm.ubulk" 334
"../../../Engine/Plugins/Animation/ControlRig/Content/Controls/ControlRig_Hexagon_1mm.uasset" 335
"../../../Engine/Plugins/Animation/ControlRig/Content/Controls/ControlRig_Hexagon_1mm.uexp" 336
"../../../Engine/Plugins/Animation/ControlRig/Content/Controls/ControlRig_HalfCircle_solid.ubulk" 337
"../../../Engine/Plugins/Animation/ControlRig/Content/Controls/ControlRig_HalfCircle_solid.uasset" 338
"../../../Engine/Plugins/Animation/ControlRig/Content/Controls/ControlRig_HalfCircle_solid.uexp" 339
"../../../Engine/Plugins/Animation/ControlRig/Content/Controls/ControlRig_HalfCircle_3mm.ubulk" 340
"../../../Engine/Plugins/Animation/ControlRig/Content/Controls/ControlRig_HalfCircle_3mm.uasset" 341
"../../../Engine/Plugins/Animation/ControlRig/Content/Controls/ControlRig_HalfCircle_3mm.uexp" 342
"../../../Engine/Plugins/Animation/ControlRig/Content/Controls/ControlRig_HalfCircle_1mm.ubulk" 343
"../../../Engine/Plugins/Animation/ControlRig/Content/Controls/ControlRig_HalfCircle_1mm.uasset" 344
"../../../Engine/Plugins/Animation/ControlRig/Content/Controls/ControlRig_HalfCircle_1mm.uexp" 345
"../../../Engine/Plugins/Animation/ControlRig/Content/Controls/ControlRig_Diamond_solid.ubulk" 346
"../../../Engine/Plugins/Animation/ControlRig/Content/Controls/ControlRig_Diamond_solid.uasset" 347
"../../../Engine/Plugins/Animation/ControlRig/Content/Controls/ControlRig_Diamond_solid.uexp" 348
"../../../Engine/Plugins/Animation/ControlRig/Content/Controls/ControlRig_Diamond_3mm.ubulk" 349
"../../../Engine/Plugins/Animation/ControlRig/Content/Controls/ControlRig_Diamond_3mm.uasset" 350
"../../../Engine/Plugins/Animation/ControlRig/Content/Controls/ControlRig_Diamond_3mm.uexp" 351
"../../../Engine/Plugins/Animation/ControlRig/Content/Controls/ControlRig_Diamond_1mm.ubulk" 352
"../../../Engine/Plugins/Animation/ControlRig/Content/Controls/ControlRig_Diamond_1mm.uasset" 353
"../../../Engine/Plugins/Animation/ControlRig/Content/Controls/ControlRig_Diamond_1mm.uexp" 354
"../../../Engine/Plugins/Animation/ControlRig/Content/Controls/ControlRig_Circle_solid.ubulk" 355
"../../../Engine/Plugins/Animation/ControlRig/Content/Controls/ControlRig_Circle_solid.uasset" 356
"../../../Engine/Plugins/Animation/ControlRig/Content/Controls/ControlRig_Circle_solid.uexp" 357
"../../../Engine/Plugins/Animation/ControlRig/Content/Controls/ControlRig_Circle_3mm.ubulk" 358
"../../../Engine/Plugins/Animation/ControlRig/Content/Controls/ControlRig_Circle_3mm.uasset" 359
"../../../Engine/Plugins/Animation/ControlRig/Content/Controls/ControlRig_Circle_3mm.uexp" 360
"../../../Engine/Plugins/Animation/ControlRig/Content/Controls/ControlRig_Circle_1mm.ubulk" 361
"../../../Engine/Plugins/Animation/ControlRig/Content/Controls/ControlRig_Circle_1mm.uasset" 362
"../../../Engine/Plugins/Animation/ControlRig/Content/Controls/ControlRig_Circle_1mm.uexp" 363
"../../../Engine/Plugins/Animation/ControlRig/Content/Controls/ControlRig_Box_solid.ubulk" 364
"../../../Engine/Plugins/Animation/ControlRig/Content/Controls/ControlRig_Box_solid.uasset" 365
"../../../Engine/Plugins/Animation/ControlRig/Content/Controls/ControlRig_Box_solid.uexp" 366
"../../../Engine/Plugins/Animation/ControlRig/Content/Controls/ControlRig_Box_3mm.ubulk" 367
"../../../Engine/Plugins/Animation/ControlRig/Content/Controls/ControlRig_Box_3mm.uasset" 368
"../../../Engine/Plugins/Animation/ControlRig/Content/Controls/ControlRig_Box_3mm.uexp" 369
"../../../Engine/Plugins/Animation/ControlRig/Content/Controls/ControlRig_Box_1mm.ubulk" 370
"../../../Engine/Plugins/Animation/ControlRig/Content/Controls/ControlRig_Box_1mm.uasset" 371
"../../../Engine/Plugins/Animation/ControlRig/Content/Controls/ControlRig_Box_1mm.uexp" 372
"../../../Engine/Plugins/Animation/ControlRig/Content/Controls/ControlRig_Arrow_solid.ubulk" 373
"../../../Engine/Plugins/Animation/ControlRig/Content/Controls/ControlRig_Arrow_solid.uasset" 374
"../../../Engine/Plugins/Animation/ControlRig/Content/Controls/ControlRig_Arrow_solid.uexp" 375
"../../../Engine/Plugins/Animation/ControlRig/Content/Controls/ControlRig_Arrow_3mm.ubulk" 376
"../../../Engine/Plugins/Animation/ControlRig/Content/Controls/ControlRig_Arrow_3mm.uasset" 377
"../../../Engine/Plugins/Animation/ControlRig/Content/Controls/ControlRig_Arrow_3mm.uexp" 378
"../../../Engine/Plugins/Animation/ControlRig/Content/Controls/ControlRig_Arrow_1mm.ubulk" 379
"../../../Engine/Plugins/Animation/ControlRig/Content/Controls/ControlRig_Arrow_1mm.uasset" 380
"../../../Engine/Plugins/Animation/ControlRig/Content/Controls/ControlRig_Arrow_1mm.uexp" 381
"../../../Engine/Plugins/Animation/ControlRig/Content/Controls/ControlRig_Arrow4_solid.ubulk" 382
"../../../Engine/Plugins/Animation/ControlRig/Content/Controls/ControlRig_Arrow4_solid.uasset" 383
"../../../Engine/Plugins/Animation/ControlRig/Content/Controls/ControlRig_Arrow4_solid.uexp" 384
"../../../Engine/Plugins/Animation/ControlRig/Content/Controls/ControlRig_Arrow4_3mm.ubulk" 385
"../../../Engine/Plugins/Animation/ControlRig/Content/Controls/ControlRig_Arrow4_3mm.uasset" 386
"../../../Engine/Plugins/Animation/ControlRig/Content/Controls/ControlRig_Arrow4_3mm.uexp" 387
"../../../Engine/Plugins/Animation/ControlRig/Content/Controls/ControlRig_Arrow4_1mm.ubulk" 388
"../../../Engine/Plugins/Animation/ControlRig/Content/Controls/ControlRig_Arrow4_1mm.uasset" 389
"../../../Engine/Plugins/Animation/ControlRig/Content/Controls/ControlRig_Arrow4_1mm.uexp" 390
"../../../Engine/Plugins/Animation/ControlRig/Content/Controls/ControlRig_Arrow2_solid.ubulk" 391
"../../../Engine/Plugins/Animation/ControlRig/Content/Controls/ControlRig_Arrow2_solid.uasset" 392
"../../../Engine/Plugins/Animation/ControlRig/Content/Controls/ControlRig_Arrow2_solid.uexp" 393
"../../../Engine/Plugins/Animation/ControlRig/Content/Controls/ControlRig_Arrow2_3mm.ubulk" 394
"../../../Engine/Plugins/Animation/ControlRig/Content/Controls/ControlRig_Arrow2_3mm.uasset" 395
"../../../Engine/Plugins/Animation/ControlRig/Content/Controls/ControlRig_Arrow2_3mm.uexp" 396
"../../../Engine/Plugins/Animation/ControlRig/Content/Controls/ControlRig_Arrow2_1mm.ubulk" 397
"../../../Engine/Plugins/Animation/ControlRig/Content/Controls/ControlRig_Arrow2_1mm.uasset" 398
"../../../Engine/Plugins/Animation/ControlRig/Content/Controls/ControlRig_Arrow2_1mm.uexp" 399
"../../../Engine/Plugins/Animation/ControlRig/Content/Controls/ControlRigXRayMaterial.uasset" 400
"../../../Engine/Plugins/Animation/ControlRig/Content/Controls/ControlRigXRayMaterial.uexp" 401
"../../../Engine/Plugins/Animation/ControlRig/Content/Controls/ControlRigGizmoMaterial.uasset" 402
"../../../Engine/Plugins/Animation/ControlRig/Content/Controls/ControlRigGizmoMaterial.uexp" 403
"../../../Engine/Content/EngineSounds/Master.uasset" 404
"../../../Engine/Content/EngineSounds/Master.uexp" 405
"../../../Engine/Content/EngineMaterials/InvalidLightmapSettings.ubulk" 406
"../../../Engine/Content/EngineMaterials/InvalidLightmapSettings.uasset" 407
"../../../Engine/Content/EngineMaterials/InvalidLightmapSettings.uexp" 408
"../../../Engine/Content/EngineMaterials/M_InvalidLightmapSettings.uasset" 409
"../../../Engine/Content/EngineMaterials/M_InvalidLightmapSettings.uexp" 410
"../../../Engine/Content/EngineMaterials/GizmoMaterial.uasset" 411
"../../../Engine/Content/EngineMaterials/GizmoMaterial.uexp" 412
"../../../Engine/Content/EngineMaterials/BaseFlattenEmissiveMap_VT.uasset" 413
"../../../Engine/Content/EngineMaterials/BaseFlattenEmissiveMap_VT.uexp" 414
"../../../Engine/Content/EngineMaterials/BaseFlattenGrayscaleMap_VT.uasset" 415
"../../../Engine/Content/EngineMaterials/BaseFlattenGrayscaleMap_VT.uexp" 416
"../../../Engine/Content/EngineMaterials/BaseFlattenLinearColor_VT.uasset" 417
"../../../Engine/Content/EngineMaterials/BaseFlattenLinearColor_VT.uexp" 418
"../../../Engine/Content/EngineMaterials/Black_1x1_EXR_Texture_VT.uasset" 419
"../../../Engine/Content/EngineMaterials/Black_1x1_EXR_Texture_VT.uexp" 420
"../../../Engine/Content/EngineMaterials/BaseFlattenDiffuseMap_VT.uasset" 421
"../../../Engine/Content/EngineMaterials/BaseFlattenDiffuseMap_VT.uexp" 422
"../../../Engine/Content/EngineMaterials/BaseFlattenNormalMap_VT.uasset" 423
"../../../Engine/Content/EngineMaterials/BaseFlattenNormalMap_VT.uexp" 424
"../../../Engine/Content/EngineMaterials/FlattenMaterial_WS_Normal_VT.uasset" 425
"../../../Engine/Content/EngineMaterials/FlattenMaterial_WS_Normal_VT.uexp" 426
"../../../Engine/Content/EngineMaterials/FlattenMaterial_VT.uasset" 427
"../../../Engine/Content/EngineMaterials/FlattenMaterial_VT.uexp" 428
"../../../Engine/Content/EngineMaterials/BaseFlattenNormalMap.uasset" 429
"../../../Engine/Content/EngineMaterials/BaseFlattenNormalMap.uexp" 430
"../../../Engine/Content/EngineMaterials/BaseFlattenGrayscaleMap.uasset" 431
"../../../Engine/Content/EngineMaterials/BaseFlattenGrayscaleMap.uexp" 432
"../../../Engine/Content/EngineMaterials/BaseFlattenDiffuseMap.uasset" 433
"../../../Engine/Content/EngineMaterials/BaseFlattenDiffuseMap.uexp" 434
"../../../Engine/Content/Functions/Engine_MaterialFunctions02/PivotPainter2/Black_1x1_EXR_Texture.uasset" 435
"../../../Engine/Content/Functions/Engine_MaterialFunctions02/PivotPainter2/Black_1x1_EXR_Texture.uexp" 436
"../../../Engine/Content/EngineMaterials/BaseFlattenEmissiveMap.uasset" 437
"../../../Engine/Content/EngineMaterials/BaseFlattenEmissiveMap.uexp" 438
"../../../Engine/Content/EngineMaterials/BaseFlattenLinearColor.uasset" 439
"../../../Engine/Content/EngineMaterials/BaseFlattenLinearColor.uexp" 440
"../../../Engine/Content/EngineMaterials/FlattenMaterial.uasset" 441
"../../../Engine/Content/EngineMaterials/FlattenMaterial.uexp" 442
"../../../Engine/Content/EngineMaterials/DefaultWhiteGrid_Low.uasset" 443
"../../../Engine/Content/EngineMaterials/DefaultWhiteGrid_Low.uexp" 444
"../../../Engine/Content/EngineMaterials/EmissiveMeshMaterial.uasset" 445
"../../../Engine/Content/EngineMaterials/EmissiveMeshMaterial.uexp" 446
"../../../Engine/Content/EngineFonts/RobotoDistanceField.uasset" 447
"../../../Engine/Content/EngineFonts/RobotoDistanceField.uexp" 448
"../../../Engine/Content/EngineMaterials/DefaultTextMaterialOpaque.uasset" 449
"../../../Engine/Content/EngineMaterials/DefaultTextMaterialOpaque.uexp" 450
"../../../Engine/Content/EngineMaterials/DefaultDiffuse.ubulk" 451
"../../../Engine/Content/EngineMaterials/DefaultDiffuse.uasset" 452
"../../../Engine/Content/EngineMaterials/DefaultDiffuse.uexp" 453
"../../../Engine/Content/Functions/Engine_MaterialFunctions02/Utility/BreakOutFloat2Components.uasset" 454
"../../../Engine/Content/Functions/Engine_MaterialFunctions02/Utility/BreakOutFloat2Components.uexp" 455
"../../../Engine/Content/EngineMaterials/DefaultPostProcessMaterial.uasset" 456
"../../../Engine/Content/EngineMaterials/DefaultPostProcessMaterial.uexp" 457
"../../../Engine/Content/EngineMaterials/DefaultPhysicalMaterial.uasset" 458
"../../../Engine/Content/EngineMaterials/DefaultPhysicalMaterial.uexp" 459
"../../../Engine/Content/EngineMaterials/DefaultLightFunctionMaterial.uasset" 460
"../../../Engine/Content/EngineMaterials/DefaultLightFunctionMaterial.uexp" 461
"../../../Engine/Content/EngineMaterials/DefaultDestructiblePhysicalMaterial.uasset" 462
"../../../Engine/Content/EngineMaterials/DefaultDestructiblePhysicalMaterial.uexp" 463
"../../../Engine/Content/EngineMaterials/DefaultDeferredDecalMaterial.uasset" 464
"../../../Engine/Content/EngineMaterials/DefaultDeferredDecalMaterial.uexp" 465
"../../../Engine/Content/EngineMaterials/DefaultBloomKernel.uasset" 466
"../../../Engine/Content/EngineMaterials/DefaultBloomKernel.uexp" 467
"../../../Engine/Content/EngineFonts/Faces/RobotoLight.uexp" 468
"../../../Engine/Content/EngineFonts/Faces/RobotoLight.uasset" 469
"../../../Engine/Content/EngineFonts/Faces/RobotoLight.ufont" 470
"../../../Engine/Content/EngineFonts/Faces/RobotoBold.uexp" 471
"../../../Engine/Content/EngineFonts/Faces/RobotoBold.uasset" 472
"../../../Engine/Content/EngineFonts/Faces/RobotoBold.ufont" 473
"../../../Engine/Content/EngineFonts/Faces/RobotoRegular.uexp" 474
"../../../Engine/Content/EngineFonts/Faces/RobotoRegular.uasset" 475
"../../../Engine/Content/EngineFonts/Faces/RobotoRegular.ufont" 476
"../../../Engine/Content/EngineFonts/Faces/DroidSansFallback.uexp" 477
"../../../Engine/Content/EngineFonts/Faces/DroidSansFallback.uasset" 478
"../../../Engine/Content/EngineFonts/Faces/DroidSansFallback.ufont" 479
"../../../Engine/Content/EngineFonts/Faces/RobotoItalic.uexp" 480
"../../../Engine/Content/EngineFonts/Faces/RobotoItalic.uasset" 481
"../../../Engine/Content/EngineFonts/Faces/RobotoItalic.ufont" 482
"../../../Engine/Content/EngineFonts/Faces/RobotoBoldItalic.uexp" 483
"../../../Engine/Content/EngineFonts/Faces/RobotoBoldItalic.uasset" 484
"../../../Engine/Content/EngineFonts/Faces/RobotoBoldItalic.ufont" 485
"../../../Engine/Content/EngineFonts/Roboto.uasset" 486
"../../../Engine/Content/EngineFonts/Roboto.uexp" 487
"../../../Engine/Content/Functions/Engine_MaterialFunctions02/Utility/CameraDirectionVector.uasset" 488
"../../../Engine/Content/Functions/Engine_MaterialFunctions02/Utility/CameraDirectionVector.uexp" 489
"../../../Engine/Content/EngineDebugMaterials/VolumeToRender.uasset" 490
"../../../Engine/Content/EngineDebugMaterials/VolumeToRender.uexp" 491
"../../../Engine/Content/EngineDebugMaterials/M_VolumeRenderSphereTracePP.uasset" 492
"../../../Engine/Content/EngineDebugMaterials/M_VolumeRenderSphereTracePP.uexp" 493
"../../../Engine/Content/EngineDebugMaterials/M_SimpleUnlitTranslucent.uasset" 494
"../../../Engine/Content/EngineDebugMaterials/M_SimpleUnlitTranslucent.uexp" 495
"../../../Engine/Content/EngineDebugMaterials/DebugMeshMaterial.uasset" 496
"../../../Engine/Content/EngineDebugMaterials/DebugMeshMaterial.uexp" 497
"../../../Engine/Content/EngineDebugMaterials/DebugEditorMaterial.uasset" 498
"../../../Engine/Content/EngineDebugMaterials/DebugEditorMaterial.uexp" 499
"../../../Engine/Content/EngineDamageTypes/DmgTypeBP_Environmental.uasset" 500
"../../../Engine/Content/EngineDamageTypes/DmgTypeBP_Environmental.uexp" 501
"../../../Engine/Content/EditorResources/S_Terrain.ubulk" 502
"../../../Engine/Content/EditorResources/S_Terrain.uasset" 503
"../../../Engine/Content/EditorResources/S_Terrain.uexp" 504
"../../../Engine/Content/EditorResources/EmptyActor.uasset" 505
"../../../Engine/Content/EditorResources/EmptyActor.uexp" 506
"../../../Engine/Content/EditorResources/BSPVertex.uasset" 507
"../../../Engine/Content/EditorResources/BSPVertex.uexp" 508
"../../../Engine/Content/EditorMaterials/PreviewShadowIndicator.ubulk" 509
"../../../Engine/Content/EditorMaterials/PreviewShadowIndicator.uasset" 510
"../../../Engine/Content/EditorMaterials/PreviewShadowIndicator.uexp" 511
"../../../Engine/Content/EditorMaterials/PreviewShadowIndicatorMaterial.uasset" 512
"../../../Engine/Content/EditorMaterials/PreviewShadowIndicatorMaterial.uexp" 513
"../../../Engine/Content/EditorMaterials/PhAT_UnselectedMaterial.uasset" 514
"../../../Engine/Content/EditorMaterials/PhAT_UnselectedMaterial.uexp" 515
"../../../Engine/Content/EditorMaterials/PhAT_NoCollisionMaterial.uasset" 516
"../../../Engine/Content/EditorMaterials/PhAT_NoCollisionMaterial.uexp" 517
"../../../Engine/Content/EditorLandscapeResources/DefaultAlphaTexture.uasset" 518
"../../../Engine/Content/EditorLandscapeResources/DefaultAlphaTexture.uexp" 519
"../../../Engine/Content/EditorLandscapeResources/DataLayer.uasset" 520
"../../../Engine/Content/EditorLandscapeResources/DataLayer.uexp" 521
"C:/Users/Van/Documents/Projects_Unreal/Repositories/Two-Button-Jam-2023/CardGameAttempt/Content/Input/Generic/IA_ChooseRight.uasset" 522
"C:/Users/Van/Documents/Projects_Unreal/Repositories/Two-Button-Jam-2023/CardGameAttempt/Content/Input/Generic/IA_ChooseRight.uexp" 523
"../../../Engine/Content/Tutorial/SubEditors/TutorialAssets/Character/TutorialTPP_Skeleton.uasset" 524
"../../../Engine/Content/Tutorial/SubEditors/TutorialAssets/Character/TutorialTPP_Skeleton.uexp" 525
"../../../Engine/Content/Tutorial/SubEditors/TutorialAssets/Character/TutorialTPP_Mat.uasset" 526
"../../../Engine/Content/Tutorial/SubEditors/TutorialAssets/Character/TutorialTPP_Mat.uexp" 527
"../../../Engine/Content/Tutorial/SubEditors/TutorialAssets/Character/TutorialTPP_PhysicsAsset.uasset" 528
"../../../Engine/Content/Tutorial/SubEditors/TutorialAssets/Character/TutorialTPP_PhysicsAsset.uexp" 529
"../../../Engine/Content/Tutorial/SubEditors/TutorialAssets/Character/TutorialTPP.uasset" 530
"../../../Engine/Content/Tutorial/SubEditors/TutorialAssets/Character/TutorialTPP.uexp" 531
"C:/Users/Van/Documents/Projects_Unreal/Repositories/Two-Button-Jam-2023/CardGameAttempt/Content/Input/Generic/IA_Interact.uasset" 532
"C:/Users/Van/Documents/Projects_Unreal/Repositories/Two-Button-Jam-2023/CardGameAttempt/Content/Input/Generic/IA_Interact.uexp" 533
"C:/Users/Van/Documents/Projects_Unreal/Repositories/Two-Button-Jam-2023/CardGameAttempt/Content/Input/Generic/IA_ChooseLeft.uasset" 534
"C:/Users/Van/Documents/Projects_Unreal/Repositories/Two-Button-Jam-2023/CardGameAttempt/Content/Input/Generic/IA_ChooseLeft.uexp" 535
"C:/Users/Van/Documents/Projects_Unreal/Repositories/Two-Button-Jam-2023/CardGameAttempt/Content/Input/Generic/IMC_Generic.uasset" 536
"C:/Users/Van/Documents/Projects_Unreal/Repositories/Two-Button-Jam-2023/CardGameAttempt/Content/Input/Generic/IMC_Generic.uexp" 537
"C:/Users/Van/Documents/Projects_Unreal/Repositories/Two-Button-Jam-2023/CardGameAttempt/Content/Art/Fonts/HalloweenFont/Halloween_Secret.uexp" 538
"C:/Users/Van/Documents/Projects_Unreal/Repositories/Two-Button-Jam-2023/CardGameAttempt/Content/Art/Fonts/HalloweenFont/Halloween_Secret.uasset" 539
"C:/Users/Van/Documents/Projects_Unreal/Repositories/Two-Button-Jam-2023/CardGameAttempt/Content/Art/Fonts/HalloweenFont/Halloween_Secret.ufont" 540
"C:/Users/Van/Documents/Projects_Unreal/Repositories/Two-Button-Jam-2023/CardGameAttempt/Content/Art/Fonts/HalloweenFont/Halloween_Secret_Font.uasset" 541
"C:/Users/Van/Documents/Projects_Unreal/Repositories/Two-Button-Jam-2023/CardGameAttempt/Content/Art/Fonts/HalloweenFont/Halloween_Secret_Font.uexp" 542
"C:/Users/Van/Documents/Projects_Unreal/Repositories/Two-Button-Jam-2023/CardGameAttempt/Content/Blueprints/Widgets/Card/WBP_Card.uasset" 543
"C:/Users/Van/Documents/Projects_Unreal/Repositories/Two-Button-Jam-2023/CardGameAttempt/Content/Blueprints/Widgets/Card/WBP_Card.uexp" 544
"C:/Users/Van/Documents/Projects_Unreal/Repositories/Two-Button-Jam-2023/CardGameAttempt/Content/Art/Textures/UI/Scroll.uasset" 545
"C:/Users/Van/Documents/Projects_Unreal/Repositories/Two-Button-Jam-2023/CardGameAttempt/Content/Art/Textures/UI/Scroll.uexp" 546
"C:/Users/Van/Documents/Projects_Unreal/Repositories/Two-Button-Jam-2023/CardGameAttempt/Content/Audio/CardSelectSFX.ubulk" 547
"C:/Users/Van/Documents/Projects_Unreal/Repositories/Two-Button-Jam-2023/CardGameAttempt/Content/Audio/CardSelectSFX.uasset" 548
"C:/Users/Van/Documents/Projects_Unreal/Repositories/Two-Button-Jam-2023/CardGameAttempt/Content/Audio/CardSelectSFX.uexp" 549
"C:/Users/Van/Documents/Projects_Unreal/Repositories/Two-Button-Jam-2023/CardGameAttempt/Content/Audio/PencialSFX.ubulk" 550
"C:/Users/Van/Documents/Projects_Unreal/Repositories/Two-Button-Jam-2023/CardGameAttempt/Content/Audio/PencialSFX.uasset" 551
"C:/Users/Van/Documents/Projects_Unreal/Repositories/Two-Button-Jam-2023/CardGameAttempt/Content/Audio/PencialSFX.uexp" 552
"C:/Users/Van/Documents/Projects_Unreal/Repositories/Two-Button-Jam-2023/CardGameAttempt/Content/Art/Textures/Events/Puppy.uasset" 553
"C:/Users/Van/Documents/Projects_Unreal/Repositories/Two-Button-Jam-2023/CardGameAttempt/Content/Art/Textures/Events/Puppy.uexp" 554
"C:/Users/Van/Documents/Projects_Unreal/Repositories/Two-Button-Jam-2023/CardGameAttempt/Content/Audio/EventVO/JustAPuppyRemark.ubulk" 555
"C:/Users/Van/Documents/Projects_Unreal/Repositories/Two-Button-Jam-2023/CardGameAttempt/Content/Audio/EventVO/JustAPuppyRemark.uasset" 556
"C:/Users/Van/Documents/Projects_Unreal/Repositories/Two-Button-Jam-2023/CardGameAttempt/Content/Audio/EventVO/JustAPuppyRemark.uexp" 557
"C:/Users/Van/Documents/Projects_Unreal/Repositories/Two-Button-Jam-2023/CardGameAttempt/Content/Art/Textures/Cards/TipToeing.uasset" 558
"C:/Users/Van/Documents/Projects_Unreal/Repositories/Two-Button-Jam-2023/CardGameAttempt/Content/Art/Textures/Cards/TipToeing.uexp" 559
"C:/Users/Van/Documents/Projects_Unreal/Repositories/Two-Button-Jam-2023/CardGameAttempt/Content/Art/Textures/Cards/WaterBottle.uasset" 560
"C:/Users/Van/Documents/Projects_Unreal/Repositories/Two-Button-Jam-2023/CardGameAttempt/Content/Art/Textures/Cards/WaterBottle.uexp" 561
"C:/Users/Van/Documents/Projects_Unreal/Repositories/Two-Button-Jam-2023/CardGameAttempt/Content/Art/Textures/Cards/ReachingOutHandToPetDog.uasset" 562
"C:/Users/Van/Documents/Projects_Unreal/Repositories/Two-Button-Jam-2023/CardGameAttempt/Content/Art/Textures/Cards/ReachingOutHandToPetDog.uexp" 563
"C:/Users/Van/Documents/Projects_Unreal/Repositories/Two-Button-Jam-2023/CardGameAttempt/Content/Art/Textures/Cards/BigFire.uasset" 564
"C:/Users/Van/Documents/Projects_Unreal/Repositories/Two-Button-Jam-2023/CardGameAttempt/Content/Art/Textures/Cards/BigFire.uexp" 565
"C:/Users/Van/Documents/Projects_Unreal/Repositories/Two-Button-Jam-2023/CardGameAttempt/Content/Art/Textures/Cards/Forest.uasset" 566
"C:/Users/Van/Documents/Projects_Unreal/Repositories/Two-Button-Jam-2023/CardGameAttempt/Content/Art/Textures/Cards/Forest.uexp" 567
"C:/Users/Van/Documents/Projects_Unreal/Repositories/Two-Button-Jam-2023/CardGameAttempt/Content/Art/Textures/Cards/ExitGame.uasset" 568
"C:/Users/Van/Documents/Projects_Unreal/Repositories/Two-Button-Jam-2023/CardGameAttempt/Content/Art/Textures/Cards/ExitGame.uexp" 569
"C:/Users/Van/Documents/Projects_Unreal/Repositories/Two-Button-Jam-2023/CardGameAttempt/Content/Audio/SingleWolfHowl.ubulk" 570
"C:/Users/Van/Documents/Projects_Unreal/Repositories/Two-Button-Jam-2023/CardGameAttempt/Content/Audio/SingleWolfHowl.uasset" 571
"C:/Users/Van/Documents/Projects_Unreal/Repositories/Two-Button-Jam-2023/CardGameAttempt/Content/Audio/SingleWolfHowl.uexp" 572
"C:/Users/Van/Documents/Projects_Unreal/Repositories/Two-Button-Jam-2023/CardGameAttempt/Content/Art/Textures/Cards/Running.uasset" 573
"C:/Users/Van/Documents/Projects_Unreal/Repositories/Two-Button-Jam-2023/CardGameAttempt/Content/Art/Textures/Cards/Running.uexp" 574
"C:/Users/Van/Documents/Projects_Unreal/Repositories/Two-Button-Jam-2023/CardGameAttempt/Content/Art/Textures/Cards/Lake.uasset" 575
"C:/Users/Van/Documents/Projects_Unreal/Repositories/Two-Button-Jam-2023/CardGameAttempt/Content/Art/Textures/Cards/Lake.uexp" 576
"C:/Users/Van/Documents/Projects_Unreal/Repositories/Two-Button-Jam-2023/CardGameAttempt/Content/Art/Textures/Cards/Left.uasset" 577
"C:/Users/Van/Documents/Projects_Unreal/Repositories/Two-Button-Jam-2023/CardGameAttempt/Content/Art/Textures/Cards/Left.uexp" 578
"C:/Users/Van/Documents/Projects_Unreal/Repositories/Two-Button-Jam-2023/CardGameAttempt/Content/Art/Textures/Events/Werewolf.uasset" 579
"C:/Users/Van/Documents/Projects_Unreal/Repositories/Two-Button-Jam-2023/CardGameAttempt/Content/Art/Textures/Events/Werewolf.uexp" 580
"C:/Users/Van/Documents/Projects_Unreal/Repositories/Two-Button-Jam-2023/CardGameAttempt/Content/Art/Textures/Events/WolfHowl.uasset" 581
"C:/Users/Van/Documents/Projects_Unreal/Repositories/Two-Button-Jam-2023/CardGameAttempt/Content/Art/Textures/Events/WolfHowl.uexp" 582
"C:/Users/Van/Documents/Projects_Unreal/Repositories/Two-Button-Jam-2023/CardGameAttempt/Content/Audio/EventVO/ChoosingFireSize.ubulk" 583
"C:/Users/Van/Documents/Projects_Unreal/Repositories/Two-Button-Jam-2023/CardGameAttempt/Content/Audio/EventVO/ChoosingFireSize.uasset" 584
"C:/Users/Van/Documents/Projects_Unreal/Repositories/Two-Button-Jam-2023/CardGameAttempt/Content/Audio/EventVO/ChoosingFireSize.uexp" 585
"C:/Users/Van/Documents/Projects_Unreal/Repositories/Two-Button-Jam-2023/CardGameAttempt/Content/Audio/EventVO/IntroLeftRight.ubulk" 586
"C:/Users/Van/Documents/Projects_Unreal/Repositories/Two-Button-Jam-2023/CardGameAttempt/Content/Audio/EventVO/IntroLeftRight.uasset" 587
"C:/Users/Van/Documents/Projects_Unreal/Repositories/Two-Button-Jam-2023/CardGameAttempt/Content/Audio/EventVO/IntroLeftRight.uexp" 588
"C:/Users/Van/Documents/Projects_Unreal/Repositories/Two-Button-Jam-2023/CardGameAttempt/Content/Art/Textures/Cards/Hotdog.uasset" 589
"C:/Users/Van/Documents/Projects_Unreal/Repositories/Two-Button-Jam-2023/CardGameAttempt/Content/Art/Textures/Cards/Hotdog.uexp" 590
"C:/Users/Van/Documents/Projects_Unreal/Repositories/Two-Button-Jam-2023/CardGameAttempt/Content/Art/Textures/Events/WolfSilhouette.uasset" 591
"C:/Users/Van/Documents/Projects_Unreal/Repositories/Two-Button-Jam-2023/CardGameAttempt/Content/Art/Textures/Events/WolfSilhouette.uexp" 592
"C:/Users/Van/Documents/Projects_Unreal/Repositories/Two-Button-Jam-2023/CardGameAttempt/Content/Art/Textures/Cards/GoToTent.uasset" 593
"C:/Users/Van/Documents/Projects_Unreal/Repositories/Two-Button-Jam-2023/CardGameAttempt/Content/Art/Textures/Cards/GoToTent.uexp" 594
"C:/Users/Van/Documents/Projects_Unreal/Repositories/Two-Button-Jam-2023/CardGameAttempt/Content/Art/Textures/Cards/FightingBack.uasset" 595
"C:/Users/Van/Documents/Projects_Unreal/Repositories/Two-Button-Jam-2023/CardGameAttempt/Content/Art/Textures/Cards/FightingBack.uexp" 596
"C:/Users/Van/Documents/Projects_Unreal/Repositories/Two-Button-Jam-2023/CardGameAttempt/Content/Audio/EventVO/ChoosingADrinkFromBag.ubulk" 597
"C:/Users/Van/Documents/Projects_Unreal/Repositories/Two-Button-Jam-2023/CardGameAttempt/Content/Audio/EventVO/ChoosingADrinkFromBag.uasset" 598
"C:/Users/Van/Documents/Projects_Unreal/Repositories/Two-Button-Jam-2023/CardGameAttempt/Content/Audio/EventVO/ChoosingADrinkFromBag.uexp" 599
"C:/Users/Van/Documents/Projects_Unreal/Repositories/Two-Button-Jam-2023/CardGameAttempt/Content/Art/Textures/Cards/SmallFire.uasset" 600
"C:/Users/Van/Documents/Projects_Unreal/Repositories/Two-Button-Jam-2023/CardGameAttempt/Content/Art/Textures/Cards/SmallFire.uexp" 601
"C:/Users/Van/Documents/Projects_Unreal/Repositories/Two-Button-Jam-2023/CardGameAttempt/Content/Art/Textures/Cards/MagnifyingGlass.uasset" 602
"C:/Users/Van/Documents/Projects_Unreal/Repositories/Two-Button-Jam-2023/CardGameAttempt/Content/Art/Textures/Cards/MagnifyingGlass.uexp" 603
"C:/Users/Van/Documents/Projects_Unreal/Repositories/Two-Button-Jam-2023/CardGameAttempt/Content/Art/Textures/Cards/Right.ubulk" 604
"C:/Users/Van/Documents/Projects_Unreal/Repositories/Two-Button-Jam-2023/CardGameAttempt/Content/Art/Textures/Cards/Right.uasset" 605
"C:/Users/Van/Documents/Projects_Unreal/Repositories/Two-Button-Jam-2023/CardGameAttempt/Content/Art/Textures/Cards/Right.uexp" 606
"C:/Users/Van/Documents/Projects_Unreal/Repositories/Two-Button-Jam-2023/CardGameAttempt/Content/Art/Textures/Events/SplitPath.uasset" 607
"C:/Users/Van/Documents/Projects_Unreal/Repositories/Two-Button-Jam-2023/CardGameAttempt/Content/Art/Textures/Events/SplitPath.uexp" 608
"C:/Users/Van/Documents/Projects_Unreal/Repositories/Two-Button-Jam-2023/CardGameAttempt/Content/Audio/EventVO/ChoosingCampMeal.ubulk" 609
"C:/Users/Van/Documents/Projects_Unreal/Repositories/Two-Button-Jam-2023/CardGameAttempt/Content/Audio/EventVO/ChoosingCampMeal.uasset" 610
"C:/Users/Van/Documents/Projects_Unreal/Repositories/Two-Button-Jam-2023/CardGameAttempt/Content/Audio/EventVO/ChoosingCampMeal.uexp" 611
"C:/Users/Van/Documents/Projects_Unreal/Repositories/Two-Button-Jam-2023/CardGameAttempt/Content/Art/Textures/Events/MakingFire.uasset" 612
"C:/Users/Van/Documents/Projects_Unreal/Repositories/Two-Button-Jam-2023/CardGameAttempt/Content/Art/Textures/Events/MakingFire.uexp" 613
"C:/Users/Van/Documents/Projects_Unreal/Repositories/Two-Button-Jam-2023/CardGameAttempt/Content/Art/Textures/Cards/Smores.uasset" 614
"C:/Users/Van/Documents/Projects_Unreal/Repositories/Two-Button-Jam-2023/CardGameAttempt/Content/Art/Textures/Cards/Smores.uexp" 615
"C:/Users/Van/Documents/Projects_Unreal/Repositories/Two-Button-Jam-2023/CardGameAttempt/Content/Art/Textures/Cards/ScreamingForHelp.uasset" 616
"C:/Users/Van/Documents/Projects_Unreal/Repositories/Two-Button-Jam-2023/CardGameAttempt/Content/Art/Textures/Cards/ScreamingForHelp.uexp" 617
"C:/Users/Van/Documents/Projects_Unreal/Repositories/Two-Button-Jam-2023/CardGameAttempt/Content/Audio/TransformingToWerewolf.ubulk" 618
"C:/Users/Van/Documents/Projects_Unreal/Repositories/Two-Button-Jam-2023/CardGameAttempt/Content/Audio/TransformingToWerewolf.uasset" 619
"C:/Users/Van/Documents/Projects_Unreal/Repositories/Two-Button-Jam-2023/CardGameAttempt/Content/Audio/TransformingToWerewolf.uexp" 620
"C:/Users/Van/Documents/Projects_Unreal/Repositories/Two-Button-Jam-2023/CardGameAttempt/Content/Art/Textures/Events/Tent.uasset" 621
"C:/Users/Van/Documents/Projects_Unreal/Repositories/Two-Button-Jam-2023/CardGameAttempt/Content/Art/Textures/Events/Tent.uexp" 622
"C:/Users/Van/Documents/Projects_Unreal/Repositories/Two-Button-Jam-2023/CardGameAttempt/Content/Art/Textures/AlbedoMaps/Generic/white.uasset" 623
"C:/Users/Van/Documents/Projects_Unreal/Repositories/Two-Button-Jam-2023/CardGameAttempt/Content/Art/Textures/AlbedoMaps/Generic/white.uexp" 624
"C:/Users/Van/Documents/Projects_Unreal/Repositories/Two-Button-Jam-2023/CardGameAttempt/Content/Audio/EventVO/ChoosingCampingLocation.ubulk" 625
"C:/Users/Van/Documents/Projects_Unreal/Repositories/Two-Button-Jam-2023/CardGameAttempt/Content/Audio/EventVO/ChoosingCampingLocation.uasset" 626
"C:/Users/Van/Documents/Projects_Unreal/Repositories/Two-Button-Jam-2023/CardGameAttempt/Content/Audio/EventVO/ChoosingCampingLocation.uexp" 627
"C:/Users/Van/Documents/Projects_Unreal/Repositories/Two-Button-Jam-2023/CardGameAttempt/Content/Audio/AnimalWalking.ubulk" 628
"C:/Users/Van/Documents/Projects_Unreal/Repositories/Two-Button-Jam-2023/CardGameAttempt/Content/Audio/AnimalWalking.uasset" 629
"C:/Users/Van/Documents/Projects_Unreal/Repositories/Two-Button-Jam-2023/CardGameAttempt/Content/Audio/AnimalWalking.uexp" 630
"C:/Users/Van/Documents/Projects_Unreal/Repositories/Two-Button-Jam-2023/CardGameAttempt/Content/Art/Textures/Cards/ReplayGame.uasset" 631
"C:/Users/Van/Documents/Projects_Unreal/Repositories/Two-Button-Jam-2023/CardGameAttempt/Content/Art/Textures/Cards/ReplayGame.uexp" 632
"C:/Users/Van/Documents/Projects_Unreal/Repositories/Two-Button-Jam-2023/CardGameAttempt/Content/Art/Textures/Cards/Hiding.uasset" 633
"C:/Users/Van/Documents/Projects_Unreal/Repositories/Two-Button-Jam-2023/CardGameAttempt/Content/Art/Textures/Cards/Hiding.uexp" 634
"C:/Users/Van/Documents/Projects_Unreal/Repositories/Two-Button-Jam-2023/CardGameAttempt/Content/Audio/EventVO/WakingUpEnding.ubulk" 635
"C:/Users/Van/Documents/Projects_Unreal/Repositories/Two-Button-Jam-2023/CardGameAttempt/Content/Audio/EventVO/WakingUpEnding.uasset" 636
"C:/Users/Van/Documents/Projects_Unreal/Repositories/Two-Button-Jam-2023/CardGameAttempt/Content/Audio/EventVO/WakingUpEnding.uexp" 637
"C:/Users/Van/Documents/Projects_Unreal/Repositories/Two-Button-Jam-2023/CardGameAttempt/Content/Art/Textures/Cards/AppleJuice.uasset" 638
"C:/Users/Van/Documents/Projects_Unreal/Repositories/Two-Button-Jam-2023/CardGameAttempt/Content/Art/Textures/Cards/AppleJuice.uexp" 639
"C:/Users/Van/Documents/Projects_Unreal/Repositories/Two-Button-Jam-2023/CardGameAttempt/Content/Art/Textures/Events/DoorKnock.uasset" 640
"C:/Users/Van/Documents/Projects_Unreal/Repositories/Two-Button-Jam-2023/CardGameAttempt/Content/Art/Textures/Events/DoorKnock.uexp" 641
"C:/Users/Van/Documents/Projects_Unreal/Repositories/Two-Button-Jam-2023/CardGameAttempt/Content/Art/Textures/Events/Backpack.uasset" 642
"C:/Users/Van/Documents/Projects_Unreal/Repositories/Two-Button-Jam-2023/CardGameAttempt/Content/Art/Textures/Events/Backpack.uexp" 643
"C:/Users/Van/Documents/Projects_Unreal/Repositories/Two-Button-Jam-2023/CardGameAttempt/Content/Blueprints/DataTables/DT_EventData.uasset" 644
"C:/Users/Van/Documents/Projects_Unreal/Repositories/Two-Button-Jam-2023/CardGameAttempt/Content/Blueprints/DataTables/DT_EventData.uexp" 645
"C:/Users/Van/Documents/Projects_Unreal/Repositories/Two-Button-Jam-2023/CardGameAttempt/Content/Blueprints/Widgets/HUD/WBP_HUD.uasset" 646
"C:/Users/Van/Documents/Projects_Unreal/Repositories/Two-Button-Jam-2023/CardGameAttempt/Content/Blueprints/Widgets/HUD/WBP_HUD.uexp" 647
"C:/Users/Van/Documents/Projects_Unreal/Repositories/Two-Button-Jam-2023/CardGameAttempt/Content/Blueprints/Characters/BP_BasicCharacter.uasset" 648
"C:/Users/Van/Documents/Projects_Unreal/Repositories/Two-Button-Jam-2023/CardGameAttempt/Content/Blueprints/Characters/BP_BasicCharacter.uexp" 649
"C:/Users/Van/Documents/Projects_Unreal/Repositories/Two-Button-Jam-2023/CardGameAttempt/Content/Blueprints/GameModes/BP_GenericGM.uasset" 650
"C:/Users/Van/Documents/Projects_Unreal/Repositories/Two-Button-Jam-2023/CardGameAttempt/Content/Blueprints/GameModes/BP_GenericGM.uexp" 651
"../../../Engine/Content/MobileResources/HUD/VirtualJoystick_Background.uasset" 652
"../../../Engine/Content/MobileResources/HUD/VirtualJoystick_Background.uexp" 653
"../../../Engine/Content/MobileResources/HUD/VirtualJoystick_Thumb.uasset" 654
"../../../Engine/Content/MobileResources/HUD/VirtualJoystick_Thumb.uexp" 655
"../../../Engine/Content/MobileResources/HUD/DefaultVirtualJoysticks.uasset" 656
"../../../Engine/Content/MobileResources/HUD/DefaultVirtualJoysticks.uexp" 657
"../../../Engine/Content/EngineSky/VolumetricClouds/CloudWeatherTexture.uasset" 658
"../../../Engine/Content/EngineSky/VolumetricClouds/CloudWeatherTexture.uexp" 659
"../../../Engine/Content/Functions/Engine_MaterialFunctions02/Utility/MakeFloat2.uasset" 660
"../../../Engine/Content/Functions/Engine_MaterialFunctions02/Utility/MakeFloat2.uexp" 661
"../../../Engine/Content/EngineSky/VolumetricClouds/CloudGradientTexture.uasset" 662
"../../../Engine/Content/EngineSky/VolumetricClouds/CloudGradientTexture.uexp" 663
"../../../Engine/Content/EngineSky/VolumetricClouds/T_NoiseShape64.ubulk" 664
"../../../Engine/Content/EngineSky/VolumetricClouds/T_NoiseShape64.uasset" 665
"../../../Engine/Content/EngineSky/VolumetricClouds/T_NoiseShape64.uexp" 666
"../../../Engine/Content/EngineSky/VolumetricClouds/T_VolumeNoiseShape64.uasset" 667
"../../../Engine/Content/EngineSky/VolumetricClouds/T_VolumeNoiseShape64.uexp" 668
"../../../Engine/Content/EngineSky/VolumetricClouds/T_NoiseErosion.ubulk" 669
"../../../Engine/Content/EngineSky/VolumetricClouds/T_NoiseErosion.uasset" 670
"../../../Engine/Content/EngineSky/VolumetricClouds/T_NoiseErosion.uexp" 671
"../../../Engine/Content/EngineSky/VolumetricClouds/T_VolumeNoiseErosion32.uasset" 672
"../../../Engine/Content/EngineSky/VolumetricClouds/T_VolumeNoiseErosion32.uexp" 673
"../../../Engine/Content/EngineSky/VolumetricClouds/m_SimpleVolumetricCloud.uasset" 674
"../../../Engine/Content/EngineSky/VolumetricClouds/m_SimpleVolumetricCloud.uexp" 675
"../../../Engine/Content/EngineSky/VolumetricClouds/m_SimpleVolumetricCloud_Inst.uasset" 676
"../../../Engine/Content/EngineSky/VolumetricClouds/m_SimpleVolumetricCloud_Inst.uexp" 677
"../../../Engine/Content/EngineResources/FilmGrains/Marcie_Grain_v3_128_M2_000.uasset" 678
"../../../Engine/Content/EngineResources/FilmGrains/Marcie_Grain_v3_128_M2_000.uexp" 679
"../../../Engine/Content/EditorResources/SequenceRecorder/RecordingIndicator.uasset" 680
"../../../Engine/Content/EditorResources/SequenceRecorder/RecordingIndicator.uexp" 681
"../../../Engine/Content/EditorResources/SequenceRecorder/Countdown.uasset" 682
"../../../Engine/Content/EditorResources/SequenceRecorder/Countdown.uexp" 683
"../../../Engine/Content/EditorResources/LightIcons/S_LightError.uasset" 684
"../../../Engine/Content/EditorResources/LightIcons/S_LightError.uexp" 685
"../../../Engine/Content/EditorResources/AudioIcons/S_AudioComponent_AutoActivate.uasset" 686
"../../../Engine/Content/EditorResources/AudioIcons/S_AudioComponent_AutoActivate.uexp" 687
"C:/Users/Van/Documents/Projects_Unreal/Repositories/Two-Button-Jam-2023/CardGameAttempt/Content/Art/Textures/Events/Empty.uasset" 688
"C:/Users/Van/Documents/Projects_Unreal/Repositories/Two-Button-Jam-2023/CardGameAttempt/Content/Art/Textures/Events/Empty.uexp" 689
"C:/Users/Van/Documents/Projects_Unreal/Repositories/Two-Button-Jam-2023/CardGameAttempt/Content/Art/StaticMeshes/Campfire/Material_001.uasset" 690
"C:/Users/Van/Documents/Projects_Unreal/Repositories/Two-Button-Jam-2023/CardGameAttempt/Content/Art/StaticMeshes/Campfire/Material_001.uexp" 691
"C:/Users/Van/Documents/Projects_Unreal/Repositories/Two-Button-Jam-2023/CardGameAttempt/Content/Art/StaticMeshes/Campfire/TwoButtonJamCampfire_Cylinder.ubulk" 692
"C:/Users/Van/Documents/Projects_Unreal/Repositories/Two-Button-Jam-2023/CardGameAttempt/Content/Art/StaticMeshes/Campfire/TwoButtonJamCampfire_Cylinder.uasset" 693
"C:/Users/Van/Documents/Projects_Unreal/Repositories/Two-Button-Jam-2023/CardGameAttempt/Content/Art/StaticMeshes/Campfire/TwoButtonJamCampfire_Cylinder.uexp" 694
"../../../Engine/Content/Functions/Engine_MaterialFunctions01/Shading/PowerToRoughness.uasset" 695
"../../../Engine/Content/Functions/Engine_MaterialFunctions01/Shading/PowerToRoughness.uexp" 696
"../../../Engine/Content/Functions/Engine_MaterialFunctions01/Shading/ConvertFromDiffSpec.uasset" 697
"../../../Engine/Content/Functions/Engine_MaterialFunctions01/Shading/ConvertFromDiffSpec.uexp" 698
"C:/Users/Van/Documents/Projects_Unreal/Repositories/Two-Button-Jam-2023/CardGameAttempt/Content/Art/Materials/MasterMaterial/Generic/M_Generic.uasset" 699
"C:/Users/Van/Documents/Projects_Unreal/Repositories/Two-Button-Jam-2023/CardGameAttempt/Content/Art/Materials/MasterMaterial/Generic/M_Generic.uexp" 700
"C:/Users/Van/Documents/Projects_Unreal/Repositories/Two-Button-Jam-2023/CardGameAttempt/Content/Art/Materials/MaterialInstance/Generic/MI_GenericBlue.uasset" 701
"C:/Users/Van/Documents/Projects_Unreal/Repositories/Two-Button-Jam-2023/CardGameAttempt/Content/Art/Materials/MaterialInstance/Generic/MI_GenericBlue.uexp" 702
"../../../Engine/Content/BasicShapes/Plane.ubulk" 703
"../../../Engine/Content/BasicShapes/Plane.uasset" 704
"../../../Engine/Content/BasicShapes/Plane.uexp" 705
"C:/Users/Van/Documents/Projects_Unreal/Repositories/Two-Button-Jam-2023/CardGameAttempt/Content/Audio/ForestAmbience.ubulk" 706
"C:/Users/Van/Documents/Projects_Unreal/Repositories/Two-Button-Jam-2023/CardGameAttempt/Content/Audio/ForestAmbience.uasset" 707
"C:/Users/Van/Documents/Projects_Unreal/Repositories/Two-Button-Jam-2023/CardGameAttempt/Content/Audio/ForestAmbience.uexp" 708
"C:/Users/Van/Documents/Projects_Unreal/Repositories/Two-Button-Jam-2023/CardGameAttempt/Content/Art/StaticMeshes/Campfire/Material_002.uasset" 709
"C:/Users/Van/Documents/Projects_Unreal/Repositories/Two-Button-Jam-2023/CardGameAttempt/Content/Art/StaticMeshes/Campfire/Material_002.uexp" 710
"C:/Users/Van/Documents/Projects_Unreal/Repositories/Two-Button-Jam-2023/CardGameAttempt/Content/Art/StaticMeshes/Campfire/TwoButtonJamCampfire_Cylinder_001.ubulk" 711
"C:/Users/Van/Documents/Projects_Unreal/Repositories/Two-Button-Jam-2023/CardGameAttempt/Content/Art/StaticMeshes/Campfire/TwoButtonJamCampfire_Cylinder_001.uasset" 712
"C:/Users/Van/Documents/Projects_Unreal/Repositories/Two-Button-Jam-2023/CardGameAttempt/Content/Art/StaticMeshes/Campfire/TwoButtonJamCampfire_Cylinder_001.uexp" 713
"C:/Users/Van/Documents/Projects_Unreal/Repositories/Two-Button-Jam-2023/CardGameAttempt/Content/Packages/InfinityBladeEffects/Effects/FX_Textures/Gradient/T_SoftFallOff.ubulk" 714
"C:/Users/Van/Documents/Projects_Unreal/Repositories/Two-Button-Jam-2023/CardGameAttempt/Content/Packages/InfinityBladeEffects/Effects/FX_Textures/Gradient/T_SoftFallOff.uasset" 715
"C:/Users/Van/Documents/Projects_Unreal/Repositories/Two-Button-Jam-2023/CardGameAttempt/Content/Packages/InfinityBladeEffects/Effects/FX_Textures/Gradient/T_SoftFallOff.uexp" 716
"../../../Engine/Content/EngineResources/Black.uasset" 717
"../../../Engine/Content/EngineResources/Black.uexp" 718
"C:/Users/Van/Documents/Projects_Unreal/Repositories/Two-Button-Jam-2023/CardGameAttempt/Content/Packages/InfinityBladeEffects/Effects/Masters/M_Add_Sprite_Master_DepthFade.uasset" 719
"C:/Users/Van/Documents/Projects_Unreal/Repositories/Two-Button-Jam-2023/CardGameAttempt/Content/Packages/InfinityBladeEffects/Effects/Masters/M_Add_Sprite_Master_DepthFade.uexp" 720
"C:/Users/Van/Documents/Projects_Unreal/Repositories/Two-Button-Jam-2023/CardGameAttempt/Content/Packages/InfinityBladeEffects/Effects/FX_Materials/Gradient/M_Flare_03_INST.uasset" 721
"C:/Users/Van/Documents/Projects_Unreal/Repositories/Two-Button-Jam-2023/CardGameAttempt/Content/Packages/InfinityBladeEffects/Effects/FX_Materials/Gradient/M_Flare_03_INST.uexp" 722
"C:/Users/Van/Documents/Projects_Unreal/Repositories/Two-Button-Jam-2023/CardGameAttempt/Content/Packages/InfinityBladeEffects/Effects/FX_Textures/Fire/T_Fire_subUV_6X6.ubulk" 723
"C:/Users/Van/Documents/Projects_Unreal/Repositories/Two-Button-Jam-2023/CardGameAttempt/Content/Packages/InfinityBladeEffects/Effects/FX_Textures/Fire/T_Fire_subUV_6X6.uasset" 724
"C:/Users/Van/Documents/Projects_Unreal/Repositories/Two-Button-Jam-2023/CardGameAttempt/Content/Packages/InfinityBladeEffects/Effects/FX_Textures/Fire/T_Fire_subUV_6X6.uexp" 725
"C:/Users/Van/Documents/Projects_Unreal/Repositories/Two-Button-Jam-2023/CardGameAttempt/Content/Packages/InfinityBladeEffects/Effects/Masters/M_Add_Sprite_SubUV_Master.uasset" 726
"C:/Users/Van/Documents/Projects_Unreal/Repositories/Two-Button-Jam-2023/CardGameAttempt/Content/Packages/InfinityBladeEffects/Effects/Masters/M_Add_Sprite_SubUV_Master.uexp" 727
"C:/Users/Van/Documents/Projects_Unreal/Repositories/Two-Button-Jam-2023/CardGameAttempt/Content/Packages/InfinityBladeEffects/Effects/FX_Materials/Fire/M_Fire_01_Add_6X6_INST.uasset" 728
"C:/Users/Van/Documents/Projects_Unreal/Repositories/Two-Button-Jam-2023/CardGameAttempt/Content/Packages/InfinityBladeEffects/Effects/FX_Materials/Fire/M_Fire_01_Add_6X6_INST.uexp" 729
"C:/Users/Van/Documents/Projects_Unreal/Repositories/Two-Button-Jam-2023/CardGameAttempt/Content/Packages/InfinityBladeEffects/Effects/FX_Textures/Spark/T_Sparks_03_SubUV_1_4.ubulk" 730
"C:/Users/Van/Documents/Projects_Unreal/Repositories/Two-Button-Jam-2023/CardGameAttempt/Content/Packages/InfinityBladeEffects/Effects/FX_Textures/Spark/T_Sparks_03_SubUV_1_4.uasset" 731
"C:/Users/Van/Documents/Projects_Unreal/Repositories/Two-Button-Jam-2023/CardGameAttempt/Content/Packages/InfinityBladeEffects/Effects/FX_Textures/Spark/T_Sparks_03_SubUV_1_4.uexp" 732
"C:/Users/Van/Documents/Projects_Unreal/Repositories/Two-Button-Jam-2023/CardGameAttempt/Content/Packages/InfinityBladeEffects/Effects/FX_Materials/Spark/M_Spark_03_1_4_INST.uasset" 733
"C:/Users/Van/Documents/Projects_Unreal/Repositories/Two-Button-Jam-2023/CardGameAttempt/Content/Packages/InfinityBladeEffects/Effects/FX_Materials/Spark/M_Spark_03_1_4_INST.uexp" 734
"C:/Users/Van/Documents/Projects_Unreal/Repositories/Two-Button-Jam-2023/CardGameAttempt/Content/Packages/InfinityBladeEffects/Effects/FX_Textures/Smoke/T_SmokeBall_01_8_8.ubulk" 735
"C:/Users/Van/Documents/Projects_Unreal/Repositories/Two-Button-Jam-2023/CardGameAttempt/Content/Packages/InfinityBladeEffects/Effects/FX_Textures/Smoke/T_SmokeBall_01_8_8.uasset" 736
"C:/Users/Van/Documents/Projects_Unreal/Repositories/Two-Button-Jam-2023/CardGameAttempt/Content/Packages/InfinityBladeEffects/Effects/FX_Textures/Smoke/T_SmokeBall_01_8_8.uexp" 737
"C:/Users/Van/Documents/Projects_Unreal/Repositories/Two-Button-Jam-2023/CardGameAttempt/Content/Packages/InfinityBladeEffects/Effects/FX_Materials/Smoke/M_Smoke_01_8X8_INST.uasset" 738
"C:/Users/Van/Documents/Projects_Unreal/Repositories/Two-Button-Jam-2023/CardGameAttempt/Content/Packages/InfinityBladeEffects/Effects/FX_Materials/Smoke/M_Smoke_01_8X8_INST.uexp" 739
"C:/Users/Van/Documents/Projects_Unreal/Repositories/Two-Button-Jam-2023/CardGameAttempt/Content/Packages/InfinityBladeEffects/Effects/FX_Mobile/Fire/combat/P_Buff_JumpDiveFire_02.uasset" 740
"C:/Users/Van/Documents/Projects_Unreal/Repositories/Two-Button-Jam-2023/CardGameAttempt/Content/Packages/InfinityBladeEffects/Effects/FX_Mobile/Fire/combat/P_Buff_JumpDiveFire_02.uexp" 741
"C:/Users/Van/Documents/Projects_Unreal/Repositories/Two-Button-Jam-2023/CardGameAttempt/Content/Art/StaticMeshes/Campfire/TwoButtonJamCampfire_Cylinder_006.ubulk" 742
"C:/Users/Van/Documents/Projects_Unreal/Repositories/Two-Button-Jam-2023/CardGameAttempt/Content/Art/StaticMeshes/Campfire/TwoButtonJamCampfire_Cylinder_006.uasset" 743
"C:/Users/Van/Documents/Projects_Unreal/Repositories/Two-Button-Jam-2023/CardGameAttempt/Content/Art/StaticMeshes/Campfire/TwoButtonJamCampfire_Cylinder_006.uexp" 744
"C:/Users/Van/Documents/Projects_Unreal/Repositories/Two-Button-Jam-2023/CardGameAttempt/Content/Art/StaticMeshes/Campfire/TwoButtonJamCampfire_Cylinder_005.ubulk" 745
"C:/Users/Van/Documents/Projects_Unreal/Repositories/Two-Button-Jam-2023/CardGameAttempt/Content/Art/StaticMeshes/Campfire/TwoButtonJamCampfire_Cylinder_005.uasset" 746
"C:/Users/Van/Documents/Projects_Unreal/Repositories/Two-Button-Jam-2023/CardGameAttempt/Content/Art/StaticMeshes/Campfire/TwoButtonJamCampfire_Cylinder_005.uexp" 747
"C:/Users/Van/Documents/Projects_Unreal/Repositories/Two-Button-Jam-2023/CardGameAttempt/Content/Art/StaticMeshes/Campfire/TwoButtonJamCampfire_Cylinder_002.ubulk" 748
"C:/Users/Van/Documents/Projects_Unreal/Repositories/Two-Button-Jam-2023/CardGameAttempt/Content/Art/StaticMeshes/Campfire/TwoButtonJamCampfire_Cylinder_002.uasset" 749
"C:/Users/Van/Documents/Projects_Unreal/Repositories/Two-Button-Jam-2023/CardGameAttempt/Content/Art/StaticMeshes/Campfire/TwoButtonJamCampfire_Cylinder_002.uexp" 750
"C:/Users/Van/Documents/Projects_Unreal/Repositories/Two-Button-Jam-2023/CardGameAttempt/Content/Art/StaticMeshes/Campfire/TwoButtonJamCampfire_Cylinder_003.ubulk" 751
"C:/Users/Van/Documents/Projects_Unreal/Repositories/Two-Button-Jam-2023/CardGameAttempt/Content/Art/StaticMeshes/Campfire/TwoButtonJamCampfire_Cylinder_003.uasset" 752
"C:/Users/Van/Documents/Projects_Unreal/Repositories/Two-Button-Jam-2023/CardGameAttempt/Content/Art/StaticMeshes/Campfire/TwoButtonJamCampfire_Cylinder_003.uexp" 753
"C:/Users/Van/Documents/Projects_Unreal/Repositories/Two-Button-Jam-2023/CardGameAttempt/Content/Art/StaticMeshes/Campfire/Material.uasset" 754
"C:/Users/Van/Documents/Projects_Unreal/Repositories/Two-Button-Jam-2023/CardGameAttempt/Content/Art/StaticMeshes/Campfire/Material.uexp" 755
"C:/Users/Van/Documents/Projects_Unreal/Repositories/Two-Button-Jam-2023/CardGameAttempt/Content/Art/StaticMeshes/Campfire/TwoButtonJamCampfire_Icosphere.ubulk" 756
"C:/Users/Van/Documents/Projects_Unreal/Repositories/Two-Button-Jam-2023/CardGameAttempt/Content/Art/StaticMeshes/Campfire/TwoButtonJamCampfire_Icosphere.uasset" 757
"C:/Users/Van/Documents/Projects_Unreal/Repositories/Two-Button-Jam-2023/CardGameAttempt/Content/Art/StaticMeshes/Campfire/TwoButtonJamCampfire_Icosphere.uexp" 758
"C:/Users/Van/Documents/Projects_Unreal/Repositories/Two-Button-Jam-2023/CardGameAttempt/Content/Art/StaticMeshes/Campfire/TwoButtonJamCampfire_Cylinder_004.ubulk" 759
"C:/Users/Van/Documents/Projects_Unreal/Repositories/Two-Button-Jam-2023/CardGameAttempt/Content/Art/StaticMeshes/Campfire/TwoButtonJamCampfire_Cylinder_004.uasset" 760
"C:/Users/Van/Documents/Projects_Unreal/Repositories/Two-Button-Jam-2023/CardGameAttempt/Content/Art/StaticMeshes/Campfire/TwoButtonJamCampfire_Cylinder_004.uexp" 761
"C:/Users/Van/Documents/Projects_Unreal/Repositories/Two-Button-Jam-2023/CardGameAttempt/Content/Audio/CampfireSFX.ubulk" 762
"C:/Users/Van/Documents/Projects_Unreal/Repositories/Two-Button-Jam-2023/CardGameAttempt/Content/Audio/CampfireSFX.uasset" 763
"C:/Users/Van/Documents/Projects_Unreal/Repositories/Two-Button-Jam-2023/CardGameAttempt/Content/Audio/CampfireSFX.uexp" 764
"C:/Users/Van/Documents/Projects_Unreal/Repositories/Two-Button-Jam-2023/CardGameAttempt/Content/Art/StaticMeshes/Campfire/BP_Campfire.uasset" 765
"C:/Users/Van/Documents/Projects_Unreal/Repositories/Two-Button-Jam-2023/CardGameAttempt/Content/Art/StaticMeshes/Campfire/BP_Campfire.uexp" 766
"C:/Users/Van/Documents/Projects_Unreal/Repositories/Two-Button-Jam-2023/CardGameAttempt/Content/Art/Materials/MaterialInstance/Generic/MI_GenericGreen.uasset" 767
"C:/Users/Van/Documents/Projects_Unreal/Repositories/Two-Button-Jam-2023/CardGameAttempt/Content/Art/Materials/MaterialInstance/Generic/MI_GenericGreen.uexp" 768
"C:/Users/Van/Documents/Projects_Unreal/Repositories/Two-Button-Jam-2023/CardGameAttempt/Content/Maps/StartingMap.uexp" 769
"C:/Users/Van/Documents/Projects_Unreal/Repositories/Two-Button-Jam-2023/CardGameAttempt/Content/Maps/StartingMap.umap" 770
"../../../Engine/Content/Maps/Entry_BuiltData.uasset" 771
"../../../Engine/Content/Maps/Entry_BuiltData.uexp" 772
"../../../Engine/Content/Maps/Entry.uexp" 773
"../../../Engine/Content/Maps/Entry.umap" 774
